Change Value of Parameter COMPATIBLES in Part R1 Old=F1 New=True
Change Value of Parameter COMPATIBLES in Part R2 Old=F1 New=True
Change Value of Parameter COMPATIBLES in Part R3 Old=F1 New=True
Change Value of Parameter COMPATIBLES in Part R4 Old=F1 New=True
Added Parameter COMPATIBLES=False to Part D72
Added Parameter COMPATIBLES=False to Part J1
Added Parameter COMPATIBLES=False to Part U1
Added Parameter COMPATIBLES=True to Part C1
Added Parameter COMPATIBLES=True to Part C2
Added Parameter COMPATIBLES=True to Part C3
Added Parameter COMPATIBLES=True to Part C4
Added Parameter COMPATIBLES=True to Part C5
Added Parameter COMPATIBLES=True to Part C6
Added Parameter COMPATIBLES=True to Part C7
Added Parameter COMPATIBLES=True to Part C8
Added Parameter COMPATIBLES=True to Part C9
Added Parameter COMPATIBLES=True to Part C10
Added Parameter COMPATIBLES=True to Part C11
Added Parameter COMPATIBLES=True to Part P1
Added Parameter COMPATIBLES=True to Part S72
Added Parameter COMPATIBLES=True  to Part Y1
Added Parameter DESCIPTION=WE-TVS TVS Diode, High Speed Series, SOT23-6L, VDC = 5V to Part D72
Added Parameter DIGIKEY=732-4473-1-ND to Part D72
Added Parameter DIGIKEY=WM3756TR-ND  to Part J1
