Change Component Comment : Designator=C12 Old Comment=885012105012 New Comment=885012105010
Change Component Comment : Designator=C13 Old Comment=885012105012 New Comment=885012105010
Change Component Comment : Designator=C14 Old Comment=885012105012 New Comment=885012105010
Change Component Comment : Designator=C15 Old Comment=885012105012 New Comment=885012105010
Change Component Comment : Designator=C16 Old Comment=885012105012 New Comment=885012105010
Change Component Comment : Designator=C17 Old Comment=885012105012 New Comment=885012105010
Change Component Comment : Designator=C18 Old Comment=885012105012 New Comment=885012105010
Change Component Comment : Designator=C19 Old Comment=885012105012 New Comment=885012105010
Change Component Comment : Designator=C20 Old Comment=885012105012 New Comment=885012105010
Change Component Comment : Designator=C21 Old Comment=885012105012 New Comment=885012105010
Change Component Comment : Designator=C22 Old Comment=885012105012 New Comment=885012105010
Change Component Comment : Designator=C23 Old Comment=885012105012 New Comment=885012105010
Change Component Comment : Designator=C24 Old Comment=885012105012 New Comment=885012105010
Change Component Comment : Designator=C25 Old Comment=885012105012 New Comment=885012105010
Change Component Comment : Designator=C26 Old Comment=885012105012 New Comment=885012105010
Change Component Comment : Designator=C27 Old Comment=885012105012 New Comment=885012105010
Change Component Comment : Designator=C28 Old Comment=885012105012 New Comment=885012105010
Change Component Comment : Designator=C29 Old Comment=885012105012 New Comment=885012105010
Change component parameters: Designator = "C12" ("C12"); Footprint = "CAPC0402N"; UniqueID = "\JDWIWLKD" ("\JDWIWLKD")
Change component parameters (AddParameter): Name = "DESCIPTION"; Value = "CAP SMD 0402 100 nF 10V X5R"; VariantName = "[No Variations]"
Change component parameters (AddParameter): Name = "DIGIKEY"; Value = "732-7487-2-ND"; VariantName = "[No Variations]"
Change component parameters (AddParameter): Name = "MANUF"; Value = "WE"; VariantName = "[No Variations]"
Change component parameters (AddParameter): Name = "MANUFCODE"; Value = "885012105010"; VariantName = "[No Variations]"
Change component parameters (AddParameter): Name = "NoPins"; Value = "2"; VariantName = "[No Variations]"
Change component parameters (AddParameter): Name = "SCH"; Value = "0402 100 nF 10V X5R"; VariantName = "[No Variations]"
Change component parameters (AddParameter): Name = "SMD"; Value = "YES"; VariantName = "[No Variations]"
Change component parameters (AddParameter): Name = "SUPPLY"; Value = "SUB"; VariantName = "[No Variations]"
Change component parameters (AddParameter): Name = "TECH"; Value = "X5R"; VariantName = "[No Variations]"
Change component parameters (AddParameter): Name = "VALUE"; Value = "100 nF"; VariantName = "[No Variations]"
Change component parameters (AddParameter): Name = "VOLTAGE"; Value = "10"; VariantName = "[No Variations]"
Change component parameters: Designator = "C13" ("C13"); Footprint = "CAPC0402N"; UniqueID = "\QUJZHRGT" ("\QUJZHRGT")
Change component parameters (AddParameter): Name = "DESCIPTION"; Value = "CAP SMD 0402 100 nF 10V X5R"; VariantName = "[No Variations]"
Change component parameters (AddParameter): Name = "DIGIKEY"; Value = "732-7487-2-ND"; VariantName = "[No Variations]"
Change component parameters (AddParameter): Name = "MANUF"; Value = "WE"; VariantName = "[No Variations]"
Change component parameters (AddParameter): Name = "MANUFCODE"; Value = "885012105010"; VariantName = "[No Variations]"
Change component parameters (AddParameter): Name = "NoPins"; Value = "2"; VariantName = "[No Variations]"
Change component parameters (AddParameter): Name = "SCH"; Value = "0402 100 nF 10V X5R"; VariantName = "[No Variations]"
Change component parameters (AddParameter): Name = "SMD"; Value = "YES"; VariantName = "[No Variations]"
Change component parameters (AddParameter): Name = "SUPPLY"; Value = "SUB"; VariantName = "[No Variations]"
Change component parameters (AddParameter): Name = "TECH"; Value = "X5R"; VariantName = "[No Variations]"
Change component parameters (AddParameter): Name = "VALUE"; Value = "100 nF"; VariantName = "[No Variations]"
Change component parameters (AddParameter): Name = "VOLTAGE"; Value = "10"; VariantName = "[No Variations]"
Change component parameters: Designator = "C14" ("C14"); Footprint = "CAPC0402N"; UniqueID = "\MRTTVDMN" ("\MRTTVDMN")
Change component parameters (AddParameter): Name = "DESCIPTION"; Value = "CAP SMD 0402 100 nF 10V X5R"; VariantName = "[No Variations]"
Change component parameters (AddParameter): Name = "DIGIKEY"; Value = "732-7487-2-ND"; VariantName = "[No Variations]"
Change component parameters (AddParameter): Name = "MANUF"; Value = "WE"; VariantName = "[No Variations]"
Change component parameters (AddParameter): Name = "MANUFCODE"; Value = "885012105010"; VariantName = "[No Variations]"
Change component parameters (AddParameter): Name = "NoPins"; Value = "2"; VariantName = "[No Variations]"
Change component parameters (AddParameter): Name = "SCH"; Value = "0402 100 nF 10V X5R"; VariantName = "[No Variations]"
Change component parameters (AddParameter): Name = "SMD"; Value = "YES"; VariantName = "[No Variations]"
Change component parameters (AddParameter): Name = "SUPPLY"; Value = "SUB"; VariantName = "[No Variations]"
Change component parameters (AddParameter): Name = "TECH"; Value = "X5R"; VariantName = "[No Variations]"
Change component parameters (AddParameter): Name = "VALUE"; Value = "100 nF"; VariantName = "[No Variations]"
Change component parameters (AddParameter): Name = "VOLTAGE"; Value = "10"; VariantName = "[No Variations]"
Change component parameters: Designator = "C15" ("C15"); Footprint = "CAPC0402N"; UniqueID = "\GKXBJXQH" ("\GKXBJXQH")
Change component parameters (AddParameter): Name = "DESCIPTION"; Value = "CAP SMD 0402 100 nF 10V X5R"; VariantName = "[No Variations]"
Change component parameters (AddParameter): Name = "DIGIKEY"; Value = "732-7487-2-ND"; VariantName = "[No Variations]"
Change component parameters (AddParameter): Name = "MANUF"; Value = "WE"; VariantName = "[No Variations]"
Change component parameters (AddParameter): Name = "MANUFCODE"; Value = "885012105010"; VariantName = "[No Variations]"
Change component parameters (AddParameter): Name = "NoPins"; Value = "2"; VariantName = "[No Variations]"
Change component parameters (AddParameter): Name = "SCH"; Value = "0402 100 nF 10V X5R"; VariantName = "[No Variations]"
Change component parameters (AddParameter): Name = "SMD"; Value = "YES"; VariantName = "[No Variations]"
Change component parameters (AddParameter): Name = "SUPPLY"; Value = "SUB"; VariantName = "[No Variations]"
Change component parameters (AddParameter): Name = "TECH"; Value = "X5R"; VariantName = "[No Variations]"
Change component parameters (AddParameter): Name = "VALUE"; Value = "100 nF"; VariantName = "[No Variations]"
Change component parameters (AddParameter): Name = "VOLTAGE"; Value = "10"; VariantName = "[No Variations]"
Change component parameters: Designator = "C16" ("C16"); Footprint = "CAPC0402N"; UniqueID = "\APRDMOJJ" ("\APRDMOJJ")
Change component parameters (AddParameter): Name = "DESCIPTION"; Value = "CAP SMD 0402 100 nF 10V X5R"; VariantName = "[No Variations]"
Change component parameters (AddParameter): Name = "DIGIKEY"; Value = "732-7487-2-ND"; VariantName = "[No Variations]"
Change component parameters (AddParameter): Name = "MANUF"; Value = "WE"; VariantName = "[No Variations]"
Change component parameters (AddParameter): Name = "MANUFCODE"; Value = "885012105010"; VariantName = "[No Variations]"
Change component parameters (AddParameter): Name = "NoPins"; Value = "2"; VariantName = "[No Variations]"
Change component parameters (AddParameter): Name = "SCH"; Value = "0402 100 nF 10V X5R"; VariantName = "[No Variations]"
Change component parameters (AddParameter): Name = "SMD"; Value = "YES"; VariantName = "[No Variations]"
Change component parameters (AddParameter): Name = "SUPPLY"; Value = "SUB"; VariantName = "[No Variations]"
Change component parameters (AddParameter): Name = "TECH"; Value = "X5R"; VariantName = "[No Variations]"
Change component parameters (AddParameter): Name = "VALUE"; Value = "100 nF"; VariantName = "[No Variations]"
Change component parameters (AddParameter): Name = "VOLTAGE"; Value = "10"; VariantName = "[No Variations]"
Change component parameters: Designator = "C17" ("C17"); Footprint = "CAPC0402N"; UniqueID = "\FOPZEHHD" ("\FOPZEHHD")
Change component parameters (AddParameter): Name = "DESCIPTION"; Value = "CAP SMD 0402 100 nF 10V X5R"; VariantName = "[No Variations]"
Change component parameters (AddParameter): Name = "DIGIKEY"; Value = "732-7487-2-ND"; VariantName = "[No Variations]"
Change component parameters (AddParameter): Name = "MANUF"; Value = "WE"; VariantName = "[No Variations]"
Change component parameters (AddParameter): Name = "MANUFCODE"; Value = "885012105010"; VariantName = "[No Variations]"
Change component parameters (AddParameter): Name = "NoPins"; Value = "2"; VariantName = "[No Variations]"
Change component parameters (AddParameter): Name = "SCH"; Value = "0402 100 nF 10V X5R"; VariantName = "[No Variations]"
Change component parameters (AddParameter): Name = "SMD"; Value = "YES"; VariantName = "[No Variations]"
Change component parameters (AddParameter): Name = "SUPPLY"; Value = "SUB"; VariantName = "[No Variations]"
Change component parameters (AddParameter): Name = "TECH"; Value = "X5R"; VariantName = "[No Variations]"
Change component parameters (AddParameter): Name = "VALUE"; Value = "100 nF"; VariantName = "[No Variations]"
Change component parameters (AddParameter): Name = "VOLTAGE"; Value = "10"; VariantName = "[No Variations]"
Change component parameters: Designator = "C18" ("C18"); Footprint = "CAPC0402N"; UniqueID = "\NULWRQMC" ("\NULWRQMC")
Change component parameters (AddParameter): Name = "DESCIPTION"; Value = "CAP SMD 0402 100 nF 10V X5R"; VariantName = "[No Variations]"
Change component parameters (AddParameter): Name = "DIGIKEY"; Value = "732-7487-2-ND"; VariantName = "[No Variations]"
Change component parameters (AddParameter): Name = "MANUF"; Value = "WE"; VariantName = "[No Variations]"
Change component parameters (AddParameter): Name = "MANUFCODE"; Value = "885012105010"; VariantName = "[No Variations]"
Change component parameters (AddParameter): Name = "NoPins"; Value = "2"; VariantName = "[No Variations]"
Change component parameters (AddParameter): Name = "SCH"; Value = "0402 100 nF 10V X5R"; VariantName = "[No Variations]"
Change component parameters (AddParameter): Name = "SMD"; Value = "YES"; VariantName = "[No Variations]"
Change component parameters (AddParameter): Name = "SUPPLY"; Value = "SUB"; VariantName = "[No Variations]"
Change component parameters (AddParameter): Name = "TECH"; Value = "X5R"; VariantName = "[No Variations]"
Change component parameters (AddParameter): Name = "VALUE"; Value = "100 nF"; VariantName = "[No Variations]"
Change component parameters (AddParameter): Name = "VOLTAGE"; Value = "10"; VariantName = "[No Variations]"
Change component parameters: Designator = "C19" ("C19"); Footprint = "CAPC0402N"; UniqueID = "\PXHMECSK" ("\PXHMECSK")
Change component parameters (AddParameter): Name = "DESCIPTION"; Value = "CAP SMD 0402 100 nF 10V X5R"; VariantName = "[No Variations]"
Change component parameters (AddParameter): Name = "DIGIKEY"; Value = "732-7487-2-ND"; VariantName = "[No Variations]"
Change component parameters (AddParameter): Name = "MANUF"; Value = "WE"; VariantName = "[No Variations]"
Change component parameters (AddParameter): Name = "MANUFCODE"; Value = "885012105010"; VariantName = "[No Variations]"
Change component parameters (AddParameter): Name = "NoPins"; Value = "2"; VariantName = "[No Variations]"
Change component parameters (AddParameter): Name = "SCH"; Value = "0402 100 nF 10V X5R"; VariantName = "[No Variations]"
Change component parameters (AddParameter): Name = "SMD"; Value = "YES"; VariantName = "[No Variations]"
Change component parameters (AddParameter): Name = "SUPPLY"; Value = "SUB"; VariantName = "[No Variations]"
Change component parameters (AddParameter): Name = "TECH"; Value = "X5R"; VariantName = "[No Variations]"
Change component parameters (AddParameter): Name = "VALUE"; Value = "100 nF"; VariantName = "[No Variations]"
Change component parameters (AddParameter): Name = "VOLTAGE"; Value = "10"; VariantName = "[No Variations]"
Change component parameters: Designator = "C20" ("C20"); Footprint = "CAPC0402N"; UniqueID = "\WJPBEIKO" ("\WJPBEIKO")
Change component parameters (AddParameter): Name = "DESCIPTION"; Value = "CAP SMD 0402 100 nF 10V X5R"; VariantName = "[No Variations]"
Change component parameters (AddParameter): Name = "DIGIKEY"; Value = "732-7487-2-ND"; VariantName = "[No Variations]"
Change component parameters (AddParameter): Name = "MANUF"; Value = "WE"; VariantName = "[No Variations]"
Change component parameters (AddParameter): Name = "MANUFCODE"; Value = "885012105010"; VariantName = "[No Variations]"
Change component parameters (AddParameter): Name = "NoPins"; Value = "2"; VariantName = "[No Variations]"
Change component parameters (AddParameter): Name = "SCH"; Value = "0402 100 nF 10V X5R"; VariantName = "[No Variations]"
Change component parameters (AddParameter): Name = "SMD"; Value = "YES"; VariantName = "[No Variations]"
Change component parameters (AddParameter): Name = "SUPPLY"; Value = "SUB"; VariantName = "[No Variations]"
Change component parameters (AddParameter): Name = "TECH"; Value = "X5R"; VariantName = "[No Variations]"
Change component parameters (AddParameter): Name = "VALUE"; Value = "100 nF"; VariantName = "[No Variations]"
Change component parameters (AddParameter): Name = "VOLTAGE"; Value = "10"; VariantName = "[No Variations]"
Change component parameters: Designator = "C21" ("C21"); Footprint = "CAPC0402N"; UniqueID = "\FPKCZHJN" ("\FPKCZHJN")
Change component parameters (AddParameter): Name = "DESCIPTION"; Value = "CAP SMD 0402 100 nF 10V X5R"; VariantName = "[No Variations]"
Change component parameters (AddParameter): Name = "DIGIKEY"; Value = "732-7487-2-ND"; VariantName = "[No Variations]"
Change component parameters (AddParameter): Name = "MANUF"; Value = "WE"; VariantName = "[No Variations]"
Change component parameters (AddParameter): Name = "MANUFCODE"; Value = "885012105010"; VariantName = "[No Variations]"
Change component parameters (AddParameter): Name = "NoPins"; Value = "2"; VariantName = "[No Variations]"
Change component parameters (AddParameter): Name = "SCH"; Value = "0402 100 nF 10V X5R"; VariantName = "[No Variations]"
Change component parameters (AddParameter): Name = "SMD"; Value = "YES"; VariantName = "[No Variations]"
Change component parameters (AddParameter): Name = "SUPPLY"; Value = "SUB"; VariantName = "[No Variations]"
Change component parameters (AddParameter): Name = "TECH"; Value = "X5R"; VariantName = "[No Variations]"
Change component parameters (AddParameter): Name = "VALUE"; Value = "100 nF"; VariantName = "[No Variations]"
Change component parameters (AddParameter): Name = "VOLTAGE"; Value = "10"; VariantName = "[No Variations]"
Change component parameters: Designator = "C22" ("C22"); Footprint = "CAPC0402N"; UniqueID = "\MOEIGDSR" ("\MOEIGDSR")
Change component parameters (AddParameter): Name = "DESCIPTION"; Value = "CAP SMD 0402 100 nF 10V X5R"; VariantName = "[No Variations]"
Change component parameters (AddParameter): Name = "DIGIKEY"; Value = "732-7487-2-ND"; VariantName = "[No Variations]"
Change component parameters (AddParameter): Name = "MANUF"; Value = "WE"; VariantName = "[No Variations]"
Change component parameters (AddParameter): Name = "MANUFCODE"; Value = "885012105010"; VariantName = "[No Variations]"
Change component parameters (AddParameter): Name = "NoPins"; Value = "2"; VariantName = "[No Variations]"
Change component parameters (AddParameter): Name = "SCH"; Value = "0402 100 nF 10V X5R"; VariantName = "[No Variations]"
Change component parameters (AddParameter): Name = "SMD"; Value = "YES"; VariantName = "[No Variations]"
Change component parameters (AddParameter): Name = "SUPPLY"; Value = "SUB"; VariantName = "[No Variations]"
Change component parameters (AddParameter): Name = "TECH"; Value = "X5R"; VariantName = "[No Variations]"
Change component parameters (AddParameter): Name = "VALUE"; Value = "100 nF"; VariantName = "[No Variations]"
Change component parameters (AddParameter): Name = "VOLTAGE"; Value = "10"; VariantName = "[No Variations]"
Change component parameters: Designator = "C23" ("C23"); Footprint = "CAPC0402N"; UniqueID = "\BXFHGBBG" ("\BXFHGBBG")
Change component parameters (AddParameter): Name = "DESCIPTION"; Value = "CAP SMD 0402 100 nF 10V X5R"; VariantName = "[No Variations]"
Change component parameters (AddParameter): Name = "DIGIKEY"; Value = "732-7487-2-ND"; VariantName = "[No Variations]"
Change component parameters (AddParameter): Name = "MANUF"; Value = "WE"; VariantName = "[No Variations]"
Change component parameters (AddParameter): Name = "MANUFCODE"; Value = "885012105010"; VariantName = "[No Variations]"
Change component parameters (AddParameter): Name = "NoPins"; Value = "2"; VariantName = "[No Variations]"
Change component parameters (AddParameter): Name = "SCH"; Value = "0402 100 nF 10V X5R"; VariantName = "[No Variations]"
Change component parameters (AddParameter): Name = "SMD"; Value = "YES"; VariantName = "[No Variations]"
Change component parameters (AddParameter): Name = "SUPPLY"; Value = "SUB"; VariantName = "[No Variations]"
Change component parameters (AddParameter): Name = "TECH"; Value = "X5R"; VariantName = "[No Variations]"
Change component parameters (AddParameter): Name = "VALUE"; Value = "100 nF"; VariantName = "[No Variations]"
Change component parameters (AddParameter): Name = "VOLTAGE"; Value = "10"; VariantName = "[No Variations]"
Change component parameters: Designator = "C24" ("C24"); Footprint = "CAPC0402N"; UniqueID = "\GLHJGYGM" ("\GLHJGYGM")
Change component parameters (AddParameter): Name = "DESCIPTION"; Value = "CAP SMD 0402 100 nF 10V X5R"; VariantName = "[No Variations]"
Change component parameters (AddParameter): Name = "DIGIKEY"; Value = "732-7487-2-ND"; VariantName = "[No Variations]"
Change component parameters (AddParameter): Name = "MANUF"; Value = "WE"; VariantName = "[No Variations]"
Change component parameters (AddParameter): Name = "MANUFCODE"; Value = "885012105010"; VariantName = "[No Variations]"
Change component parameters (AddParameter): Name = "NoPins"; Value = "2"; VariantName = "[No Variations]"
Change component parameters (AddParameter): Name = "SCH"; Value = "0402 100 nF 10V X5R"; VariantName = "[No Variations]"
Change component parameters (AddParameter): Name = "SMD"; Value = "YES"; VariantName = "[No Variations]"
Change component parameters (AddParameter): Name = "SUPPLY"; Value = "SUB"; VariantName = "[No Variations]"
Change component parameters (AddParameter): Name = "TECH"; Value = "X5R"; VariantName = "[No Variations]"
Change component parameters (AddParameter): Name = "VALUE"; Value = "100 nF"; VariantName = "[No Variations]"
Change component parameters (AddParameter): Name = "VOLTAGE"; Value = "10"; VariantName = "[No Variations]"
Change component parameters: Designator = "C25" ("C25"); Footprint = "CAPC0402N"; UniqueID = "\TXLTIOWM" ("\TXLTIOWM")
Change component parameters (AddParameter): Name = "DESCIPTION"; Value = "CAP SMD 0402 100 nF 10V X5R"; VariantName = "[No Variations]"
Change component parameters (AddParameter): Name = "DIGIKEY"; Value = "732-7487-2-ND"; VariantName = "[No Variations]"
Change component parameters (AddParameter): Name = "MANUF"; Value = "WE"; VariantName = "[No Variations]"
Change component parameters (AddParameter): Name = "MANUFCODE"; Value = "885012105010"; VariantName = "[No Variations]"
Change component parameters (AddParameter): Name = "NoPins"; Value = "2"; VariantName = "[No Variations]"
Change component parameters (AddParameter): Name = "SCH"; Value = "0402 100 nF 10V X5R"; VariantName = "[No Variations]"
Change component parameters (AddParameter): Name = "SMD"; Value = "YES"; VariantName = "[No Variations]"
Change component parameters (AddParameter): Name = "SUPPLY"; Value = "SUB"; VariantName = "[No Variations]"
Change component parameters (AddParameter): Name = "TECH"; Value = "X5R"; VariantName = "[No Variations]"
Change component parameters (AddParameter): Name = "VALUE"; Value = "100 nF"; VariantName = "[No Variations]"
Change component parameters (AddParameter): Name = "VOLTAGE"; Value = "10"; VariantName = "[No Variations]"
Change component parameters: Designator = "C26" ("C26"); Footprint = "CAPC0402N"; UniqueID = "\VVYSDLZU" ("\VVYSDLZU")
Change component parameters (AddParameter): Name = "DESCIPTION"; Value = "CAP SMD 0402 100 nF 10V X5R"; VariantName = "[No Variations]"
Change component parameters (AddParameter): Name = "DIGIKEY"; Value = "732-7487-2-ND"; VariantName = "[No Variations]"
Change component parameters (AddParameter): Name = "MANUF"; Value = "WE"; VariantName = "[No Variations]"
Change component parameters (AddParameter): Name = "MANUFCODE"; Value = "885012105010"; VariantName = "[No Variations]"
Change component parameters (AddParameter): Name = "NoPins"; Value = "2"; VariantName = "[No Variations]"
Change component parameters (AddParameter): Name = "SCH"; Value = "0402 100 nF 10V X5R"; VariantName = "[No Variations]"
Change component parameters (AddParameter): Name = "SMD"; Value = "YES"; VariantName = "[No Variations]"
Change component parameters (AddParameter): Name = "SUPPLY"; Value = "SUB"; VariantName = "[No Variations]"
Change component parameters (AddParameter): Name = "TECH"; Value = "X5R"; VariantName = "[No Variations]"
Change component parameters (AddParameter): Name = "VALUE"; Value = "100 nF"; VariantName = "[No Variations]"
Change component parameters (AddParameter): Name = "VOLTAGE"; Value = "10"; VariantName = "[No Variations]"
Change component parameters: Designator = "C27" ("C27"); Footprint = "CAPC0402N"; UniqueID = "\YTWYUMHD" ("\YTWYUMHD")
Change component parameters (AddParameter): Name = "DESCIPTION"; Value = "CAP SMD 0402 100 nF 10V X5R"; VariantName = "[No Variations]"
Change component parameters (AddParameter): Name = "DIGIKEY"; Value = "732-7487-2-ND"; VariantName = "[No Variations]"
Change component parameters (AddParameter): Name = "MANUF"; Value = "WE"; VariantName = "[No Variations]"
Change component parameters (AddParameter): Name = "MANUFCODE"; Value = "885012105010"; VariantName = "[No Variations]"
Change component parameters (AddParameter): Name = "NoPins"; Value = "2"; VariantName = "[No Variations]"
Change component parameters (AddParameter): Name = "SCH"; Value = "0402 100 nF 10V X5R"; VariantName = "[No Variations]"
Change component parameters (AddParameter): Name = "SMD"; Value = "YES"; VariantName = "[No Variations]"
Change component parameters (AddParameter): Name = "SUPPLY"; Value = "SUB"; VariantName = "[No Variations]"
Change component parameters (AddParameter): Name = "TECH"; Value = "X5R"; VariantName = "[No Variations]"
Change component parameters (AddParameter): Name = "VALUE"; Value = "100 nF"; VariantName = "[No Variations]"
Change component parameters (AddParameter): Name = "VOLTAGE"; Value = "10"; VariantName = "[No Variations]"
Change component parameters: Designator = "C28" ("C28"); Footprint = "CAPC0402N"; UniqueID = "\GFGIXQCM" ("\GFGIXQCM")
Change component parameters (AddParameter): Name = "DESCIPTION"; Value = "CAP SMD 0402 100 nF 10V X5R"; VariantName = "[No Variations]"
Change component parameters (AddParameter): Name = "DIGIKEY"; Value = "732-7487-2-ND"; VariantName = "[No Variations]"
Change component parameters (AddParameter): Name = "MANUF"; Value = "WE"; VariantName = "[No Variations]"
Change component parameters (AddParameter): Name = "MANUFCODE"; Value = "885012105010"; VariantName = "[No Variations]"
Change component parameters (AddParameter): Name = "NoPins"; Value = "2"; VariantName = "[No Variations]"
Change component parameters (AddParameter): Name = "SCH"; Value = "0402 100 nF 10V X5R"; VariantName = "[No Variations]"
Change component parameters (AddParameter): Name = "SMD"; Value = "YES"; VariantName = "[No Variations]"
Change component parameters (AddParameter): Name = "SUPPLY"; Value = "SUB"; VariantName = "[No Variations]"
Change component parameters (AddParameter): Name = "TECH"; Value = "X5R"; VariantName = "[No Variations]"
Change component parameters (AddParameter): Name = "VALUE"; Value = "100 nF"; VariantName = "[No Variations]"
Change component parameters (AddParameter): Name = "VOLTAGE"; Value = "10"; VariantName = "[No Variations]"
Change component parameters: Designator = "C29" ("C29"); Footprint = "CAPC0402N"; UniqueID = "\HBXWJEUQ" ("\HBXWJEUQ")
Change component parameters (AddParameter): Name = "DESCIPTION"; Value = "CAP SMD 0402 100 nF 10V X5R"; VariantName = "[No Variations]"
Change component parameters (AddParameter): Name = "DIGIKEY"; Value = "732-7487-2-ND"; VariantName = "[No Variations]"
Change component parameters (AddParameter): Name = "MANUF"; Value = "WE"; VariantName = "[No Variations]"
Change component parameters (AddParameter): Name = "MANUFCODE"; Value = "885012105010"; VariantName = "[No Variations]"
Change component parameters (AddParameter): Name = "NoPins"; Value = "2"; VariantName = "[No Variations]"
Change component parameters (AddParameter): Name = "SCH"; Value = "0402 100 nF 10V X5R"; VariantName = "[No Variations]"
Change component parameters (AddParameter): Name = "SMD"; Value = "YES"; VariantName = "[No Variations]"
Change component parameters (AddParameter): Name = "SUPPLY"; Value = "SUB"; VariantName = "[No Variations]"
Change component parameters (AddParameter): Name = "TECH"; Value = "X5R"; VariantName = "[No Variations]"
Change component parameters (AddParameter): Name = "VALUE"; Value = "100 nF"; VariantName = "[No Variations]"
Change component parameters (AddParameter): Name = "VOLTAGE"; Value = "10"; VariantName = "[No Variations]"
