Change Component Comment : Designator=Y1 Old Comment=830055951 New Comment=16MHz 3225
Change Component Comment : Designator=C10 Old Comment=885012005007 New Comment=0402 10pF
Change Component Comment : Designator=C11 Old Comment=885012005007 New Comment=0402 10pF
Change Component Comment : Designator=C2 Old Comment=885012105010 New Comment=0402 100nF
Change Component Comment : Designator=C3 Old Comment=885012105010 New Comment=0402 100nF
Change Component Comment : Designator=C4 Old Comment=885012105010 New Comment=0402 100nF
Change Component Comment : Designator=C5 Old Comment=885012105010 New Comment=0402 100nF
Change Component Comment : Designator=C6 Old Comment=885012105010 New Comment=0402 100nF
Change Component Comment : Designator=C7 Old Comment=885012105010 New Comment=0402 100nF
Change Component Comment : Designator=C8 Old Comment=885012105010 New Comment=0402 100nF
Change Component Comment : Designator=C12 Old Comment=885012105010 New Comment=0402 100nF
Change Component Comment : Designator=C13 Old Comment=885012105010 New Comment=0402 100nF
Change Component Comment : Designator=C14 Old Comment=885012105010 New Comment=0402 100nF
Change Component Comment : Designator=C15 Old Comment=885012105010 New Comment=0402 100nF
Change Component Comment : Designator=C16 Old Comment=885012105010 New Comment=0402 100nF
Change Component Comment : Designator=C17 Old Comment=885012105010 New Comment=0402 100nF
Change Component Comment : Designator=C18 Old Comment=885012105010 New Comment=0402 100nF
Change Component Comment : Designator=C19 Old Comment=885012105010 New Comment=0402 100nF
Change Component Comment : Designator=C20 Old Comment=885012105010 New Comment=0402 100nF
Change Component Comment : Designator=C21 Old Comment=885012105010 New Comment=0402 100nF
Change Component Comment : Designator=C22 Old Comment=885012105010 New Comment=0402 100nF
Change Component Comment : Designator=C23 Old Comment=885012105010 New Comment=0402 100nF
Change Component Comment : Designator=C24 Old Comment=885012105010 New Comment=0402 100nF
Change Component Comment : Designator=C25 Old Comment=885012105010 New Comment=0402 100nF
Change Component Comment : Designator=C26 Old Comment=885012105010 New Comment=0402 100nF
Change Component Comment : Designator=C27 Old Comment=885012105010 New Comment=0402 100nF
Change Component Comment : Designator=C28 Old Comment=885012105010 New Comment=0402 100nF
Change Component Comment : Designator=C29 Old Comment=885012105010 New Comment=0402 100nF
Change Component Comment : Designator=C1 Old Comment=885012105012 New Comment=0402 1µF
Change Component Comment : Designator=C9 Old Comment=885012107010 New Comment=0805 10µF
Change Component Comment : Designator=R5 Old Comment=CRCW04024K70FKED New Comment=RES 4.7K 0402
Change Component Comment : Designator=R6 Old Comment=CRCW04024K70FKED New Comment=RES 4.7K 0402
Change Component Comment : Designator=R1 Old Comment=CRCW060322R0FKEA New Comment=RES 22R 0603
Change Component Comment : Designator=R4 Old Comment=CRCW060322R0FKEA New Comment=RES 22R 0603
