Removed Pin From Net: NetName=C3 Pin=U1-11
Removed Pin From Net: NetName=R13 Pin=U1-20
Added Component: Designator=C12(CAPC0402N)
Add component (AddParameter): Name = "DESCIPTION"; Value = "CAP SMD 0402 1ʵF 10V X5R"; VariantName = "[No Variations]"
Add component (AddParameter): Name = "DIGIKEY"; Value = "732-7489-2-ND"; VariantName = "[No Variations]"
Add component (AddParameter): Name = "MANUF"; Value = "WE"; VariantName = "[No Variations]"
Add component (AddParameter): Name = "MANUFCODE"; Value = "885012105012"; VariantName = "[No Variations]"
Add component (AddParameter): Name = "NoPins"; Value = "2"; VariantName = "[No Variations]"
Add component (AddParameter): Name = "SCH"; Value = "0402 1ʵF 10V X5R"; VariantName = "[No Variations]"
Add component (AddParameter): Name = "SMD"; Value = "YES"; VariantName = "[No Variations]"
Add component (AddParameter): Name = "SUPPLY"; Value = "SUB"; VariantName = "[No Variations]"
Add component (AddParameter): Name = "TECH"; Value = "X5R"; VariantName = "[No Variations]"
Add component (AddParameter): Name = "VALUE"; Value = "1ʵF"; VariantName = "[No Variations]"
Add component (AddParameter): Name = "VOLTAGE"; Value = "10"; VariantName = "[No Variations]"
Added Component: Designator=C13(CAPC0402N)
Add component (AddParameter): Name = "DESCIPTION"; Value = "CAP SMD 0402 1ʵF 10V X5R"; VariantName = "[No Variations]"
Add component (AddParameter): Name = "DIGIKEY"; Value = "732-7489-2-ND"; VariantName = "[No Variations]"
Add component (AddParameter): Name = "MANUF"; Value = "WE"; VariantName = "[No Variations]"
Add component (AddParameter): Name = "MANUFCODE"; Value = "885012105012"; VariantName = "[No Variations]"
Add component (AddParameter): Name = "NoPins"; Value = "2"; VariantName = "[No Variations]"
Add component (AddParameter): Name = "SCH"; Value = "0402 1ʵF 10V X5R"; VariantName = "[No Variations]"
Add component (AddParameter): Name = "SMD"; Value = "YES"; VariantName = "[No Variations]"
Add component (AddParameter): Name = "SUPPLY"; Value = "SUB"; VariantName = "[No Variations]"
Add component (AddParameter): Name = "TECH"; Value = "X5R"; VariantName = "[No Variations]"
Add component (AddParameter): Name = "VALUE"; Value = "1ʵF"; VariantName = "[No Variations]"
Add component (AddParameter): Name = "VOLTAGE"; Value = "10"; VariantName = "[No Variations]"
Added Component: Designator=C14(CAPC0402N)
Add component (AddParameter): Name = "DESCIPTION"; Value = "CAP SMD 0402 1ʵF 10V X5R"; VariantName = "[No Variations]"
Add component (AddParameter): Name = "DIGIKEY"; Value = "732-7489-2-ND"; VariantName = "[No Variations]"
Add component (AddParameter): Name = "MANUF"; Value = "WE"; VariantName = "[No Variations]"
Add component (AddParameter): Name = "MANUFCODE"; Value = "885012105012"; VariantName = "[No Variations]"
Add component (AddParameter): Name = "NoPins"; Value = "2"; VariantName = "[No Variations]"
Add component (AddParameter): Name = "SCH"; Value = "0402 1ʵF 10V X5R"; VariantName = "[No Variations]"
Add component (AddParameter): Name = "SMD"; Value = "YES"; VariantName = "[No Variations]"
Add component (AddParameter): Name = "SUPPLY"; Value = "SUB"; VariantName = "[No Variations]"
Add component (AddParameter): Name = "TECH"; Value = "X5R"; VariantName = "[No Variations]"
Add component (AddParameter): Name = "VALUE"; Value = "1ʵF"; VariantName = "[No Variations]"
Add component (AddParameter): Name = "VOLTAGE"; Value = "10"; VariantName = "[No Variations]"
Added Component: Designator=C15(CAPC0402N)
Add component (AddParameter): Name = "DESCIPTION"; Value = "CAP SMD 0402 1ʵF 10V X5R"; VariantName = "[No Variations]"
Add component (AddParameter): Name = "DIGIKEY"; Value = "732-7489-2-ND"; VariantName = "[No Variations]"
Add component (AddParameter): Name = "MANUF"; Value = "WE"; VariantName = "[No Variations]"
Add component (AddParameter): Name = "MANUFCODE"; Value = "885012105012"; VariantName = "[No Variations]"
Add component (AddParameter): Name = "NoPins"; Value = "2"; VariantName = "[No Variations]"
Add component (AddParameter): Name = "SCH"; Value = "0402 1ʵF 10V X5R"; VariantName = "[No Variations]"
Add component (AddParameter): Name = "SMD"; Value = "YES"; VariantName = "[No Variations]"
Add component (AddParameter): Name = "SUPPLY"; Value = "SUB"; VariantName = "[No Variations]"
Add component (AddParameter): Name = "TECH"; Value = "X5R"; VariantName = "[No Variations]"
Add component (AddParameter): Name = "VALUE"; Value = "1ʵF"; VariantName = "[No Variations]"
Add component (AddParameter): Name = "VOLTAGE"; Value = "10"; VariantName = "[No Variations]"
Added Component: Designator=C16(CAPC0402N)
Add component (AddParameter): Name = "DESCIPTION"; Value = "CAP SMD 0402 1ʵF 10V X5R"; VariantName = "[No Variations]"
Add component (AddParameter): Name = "DIGIKEY"; Value = "732-7489-2-ND"; VariantName = "[No Variations]"
Add component (AddParameter): Name = "MANUF"; Value = "WE"; VariantName = "[No Variations]"
Add component (AddParameter): Name = "MANUFCODE"; Value = "885012105012"; VariantName = "[No Variations]"
Add component (AddParameter): Name = "NoPins"; Value = "2"; VariantName = "[No Variations]"
Add component (AddParameter): Name = "SCH"; Value = "0402 1ʵF 10V X5R"; VariantName = "[No Variations]"
Add component (AddParameter): Name = "SMD"; Value = "YES"; VariantName = "[No Variations]"
Add component (AddParameter): Name = "SUPPLY"; Value = "SUB"; VariantName = "[No Variations]"
Add component (AddParameter): Name = "TECH"; Value = "X5R"; VariantName = "[No Variations]"
Add component (AddParameter): Name = "VALUE"; Value = "1ʵF"; VariantName = "[No Variations]"
Add component (AddParameter): Name = "VOLTAGE"; Value = "10"; VariantName = "[No Variations]"
Added Component: Designator=C17(CAPC0402N)
Add component (AddParameter): Name = "DESCIPTION"; Value = "CAP SMD 0402 1ʵF 10V X5R"; VariantName = "[No Variations]"
Add component (AddParameter): Name = "DIGIKEY"; Value = "732-7489-2-ND"; VariantName = "[No Variations]"
Add component (AddParameter): Name = "MANUF"; Value = "WE"; VariantName = "[No Variations]"
Add component (AddParameter): Name = "MANUFCODE"; Value = "885012105012"; VariantName = "[No Variations]"
Add component (AddParameter): Name = "NoPins"; Value = "2"; VariantName = "[No Variations]"
Add component (AddParameter): Name = "SCH"; Value = "0402 1ʵF 10V X5R"; VariantName = "[No Variations]"
Add component (AddParameter): Name = "SMD"; Value = "YES"; VariantName = "[No Variations]"
Add component (AddParameter): Name = "SUPPLY"; Value = "SUB"; VariantName = "[No Variations]"
Add component (AddParameter): Name = "TECH"; Value = "X5R"; VariantName = "[No Variations]"
Add component (AddParameter): Name = "VALUE"; Value = "1ʵF"; VariantName = "[No Variations]"
Add component (AddParameter): Name = "VOLTAGE"; Value = "10"; VariantName = "[No Variations]"
Added Component: Designator=C18(CAPC0402N)
Add component (AddParameter): Name = "DESCIPTION"; Value = "CAP SMD 0402 1ʵF 10V X5R"; VariantName = "[No Variations]"
Add component (AddParameter): Name = "DIGIKEY"; Value = "732-7489-2-ND"; VariantName = "[No Variations]"
Add component (AddParameter): Name = "MANUF"; Value = "WE"; VariantName = "[No Variations]"
Add component (AddParameter): Name = "MANUFCODE"; Value = "885012105012"; VariantName = "[No Variations]"
Add component (AddParameter): Name = "NoPins"; Value = "2"; VariantName = "[No Variations]"
Add component (AddParameter): Name = "SCH"; Value = "0402 1ʵF 10V X5R"; VariantName = "[No Variations]"
Add component (AddParameter): Name = "SMD"; Value = "YES"; VariantName = "[No Variations]"
Add component (AddParameter): Name = "SUPPLY"; Value = "SUB"; VariantName = "[No Variations]"
Add component (AddParameter): Name = "TECH"; Value = "X5R"; VariantName = "[No Variations]"
Add component (AddParameter): Name = "VALUE"; Value = "1ʵF"; VariantName = "[No Variations]"
Add component (AddParameter): Name = "VOLTAGE"; Value = "10"; VariantName = "[No Variations]"
Added Component: Designator=C19(CAPC0402N)
Add component (AddParameter): Name = "DESCIPTION"; Value = "CAP SMD 0402 1ʵF 10V X5R"; VariantName = "[No Variations]"
Add component (AddParameter): Name = "DIGIKEY"; Value = "732-7489-2-ND"; VariantName = "[No Variations]"
Add component (AddParameter): Name = "MANUF"; Value = "WE"; VariantName = "[No Variations]"
Add component (AddParameter): Name = "MANUFCODE"; Value = "885012105012"; VariantName = "[No Variations]"
Add component (AddParameter): Name = "NoPins"; Value = "2"; VariantName = "[No Variations]"
Add component (AddParameter): Name = "SCH"; Value = "0402 1ʵF 10V X5R"; VariantName = "[No Variations]"
Add component (AddParameter): Name = "SMD"; Value = "YES"; VariantName = "[No Variations]"
Add component (AddParameter): Name = "SUPPLY"; Value = "SUB"; VariantName = "[No Variations]"
Add component (AddParameter): Name = "TECH"; Value = "X5R"; VariantName = "[No Variations]"
Add component (AddParameter): Name = "VALUE"; Value = "1ʵF"; VariantName = "[No Variations]"
Add component (AddParameter): Name = "VOLTAGE"; Value = "10"; VariantName = "[No Variations]"
Added Component: Designator=C20(CAPC0402N)
Add component (AddParameter): Name = "DESCIPTION"; Value = "CAP SMD 0402 1ʵF 10V X5R"; VariantName = "[No Variations]"
Add component (AddParameter): Name = "DIGIKEY"; Value = "732-7489-2-ND"; VariantName = "[No Variations]"
Add component (AddParameter): Name = "MANUF"; Value = "WE"; VariantName = "[No Variations]"
Add component (AddParameter): Name = "MANUFCODE"; Value = "885012105012"; VariantName = "[No Variations]"
Add component (AddParameter): Name = "NoPins"; Value = "2"; VariantName = "[No Variations]"
Add component (AddParameter): Name = "SCH"; Value = "0402 1ʵF 10V X5R"; VariantName = "[No Variations]"
Add component (AddParameter): Name = "SMD"; Value = "YES"; VariantName = "[No Variations]"
Add component (AddParameter): Name = "SUPPLY"; Value = "SUB"; VariantName = "[No Variations]"
Add component (AddParameter): Name = "TECH"; Value = "X5R"; VariantName = "[No Variations]"
Add component (AddParameter): Name = "VALUE"; Value = "1ʵF"; VariantName = "[No Variations]"
Add component (AddParameter): Name = "VOLTAGE"; Value = "10"; VariantName = "[No Variations]"
Added Component: Designator=C21(CAPC0402N)
Add component (AddParameter): Name = "DESCIPTION"; Value = "CAP SMD 0402 1ʵF 10V X5R"; VariantName = "[No Variations]"
Add component (AddParameter): Name = "DIGIKEY"; Value = "732-7489-2-ND"; VariantName = "[No Variations]"
Add component (AddParameter): Name = "MANUF"; Value = "WE"; VariantName = "[No Variations]"
Add component (AddParameter): Name = "MANUFCODE"; Value = "885012105012"; VariantName = "[No Variations]"
Add component (AddParameter): Name = "NoPins"; Value = "2"; VariantName = "[No Variations]"
Add component (AddParameter): Name = "SCH"; Value = "0402 1ʵF 10V X5R"; VariantName = "[No Variations]"
Add component (AddParameter): Name = "SMD"; Value = "YES"; VariantName = "[No Variations]"
Add component (AddParameter): Name = "SUPPLY"; Value = "SUB"; VariantName = "[No Variations]"
Add component (AddParameter): Name = "TECH"; Value = "X5R"; VariantName = "[No Variations]"
Add component (AddParameter): Name = "VALUE"; Value = "1ʵF"; VariantName = "[No Variations]"
Add component (AddParameter): Name = "VOLTAGE"; Value = "10"; VariantName = "[No Variations]"
Added Component: Designator=C22(CAPC0402N)
Add component (AddParameter): Name = "DESCIPTION"; Value = "CAP SMD 0402 1ʵF 10V X5R"; VariantName = "[No Variations]"
Add component (AddParameter): Name = "DIGIKEY"; Value = "732-7489-2-ND"; VariantName = "[No Variations]"
Add component (AddParameter): Name = "MANUF"; Value = "WE"; VariantName = "[No Variations]"
Add component (AddParameter): Name = "MANUFCODE"; Value = "885012105012"; VariantName = "[No Variations]"
Add component (AddParameter): Name = "NoPins"; Value = "2"; VariantName = "[No Variations]"
Add component (AddParameter): Name = "SCH"; Value = "0402 1ʵF 10V X5R"; VariantName = "[No Variations]"
Add component (AddParameter): Name = "SMD"; Value = "YES"; VariantName = "[No Variations]"
Add component (AddParameter): Name = "SUPPLY"; Value = "SUB"; VariantName = "[No Variations]"
Add component (AddParameter): Name = "TECH"; Value = "X5R"; VariantName = "[No Variations]"
Add component (AddParameter): Name = "VALUE"; Value = "1ʵF"; VariantName = "[No Variations]"
Add component (AddParameter): Name = "VOLTAGE"; Value = "10"; VariantName = "[No Variations]"
Added Component: Designator=C23(CAPC0402N)
Add component (AddParameter): Name = "DESCIPTION"; Value = "CAP SMD 0402 1ʵF 10V X5R"; VariantName = "[No Variations]"
Add component (AddParameter): Name = "DIGIKEY"; Value = "732-7489-2-ND"; VariantName = "[No Variations]"
Add component (AddParameter): Name = "MANUF"; Value = "WE"; VariantName = "[No Variations]"
Add component (AddParameter): Name = "MANUFCODE"; Value = "885012105012"; VariantName = "[No Variations]"
Add component (AddParameter): Name = "NoPins"; Value = "2"; VariantName = "[No Variations]"
Add component (AddParameter): Name = "SCH"; Value = "0402 1ʵF 10V X5R"; VariantName = "[No Variations]"
Add component (AddParameter): Name = "SMD"; Value = "YES"; VariantName = "[No Variations]"
Add component (AddParameter): Name = "SUPPLY"; Value = "SUB"; VariantName = "[No Variations]"
Add component (AddParameter): Name = "TECH"; Value = "X5R"; VariantName = "[No Variations]"
Add component (AddParameter): Name = "VALUE"; Value = "1ʵF"; VariantName = "[No Variations]"
Add component (AddParameter): Name = "VOLTAGE"; Value = "10"; VariantName = "[No Variations]"
Added Component: Designator=C24(CAPC0402N)
Add component (AddParameter): Name = "DESCIPTION"; Value = "CAP SMD 0402 1ʵF 10V X5R"; VariantName = "[No Variations]"
Add component (AddParameter): Name = "DIGIKEY"; Value = "732-7489-2-ND"; VariantName = "[No Variations]"
Add component (AddParameter): Name = "MANUF"; Value = "WE"; VariantName = "[No Variations]"
Add component (AddParameter): Name = "MANUFCODE"; Value = "885012105012"; VariantName = "[No Variations]"
Add component (AddParameter): Name = "NoPins"; Value = "2"; VariantName = "[No Variations]"
Add component (AddParameter): Name = "SCH"; Value = "0402 1ʵF 10V X5R"; VariantName = "[No Variations]"
Add component (AddParameter): Name = "SMD"; Value = "YES"; VariantName = "[No Variations]"
Add component (AddParameter): Name = "SUPPLY"; Value = "SUB"; VariantName = "[No Variations]"
Add component (AddParameter): Name = "TECH"; Value = "X5R"; VariantName = "[No Variations]"
Add component (AddParameter): Name = "VALUE"; Value = "1ʵF"; VariantName = "[No Variations]"
Add component (AddParameter): Name = "VOLTAGE"; Value = "10"; VariantName = "[No Variations]"
Added Component: Designator=C25(CAPC0402N)
Add component (AddParameter): Name = "DESCIPTION"; Value = "CAP SMD 0402 1ʵF 10V X5R"; VariantName = "[No Variations]"
Add component (AddParameter): Name = "DIGIKEY"; Value = "732-7489-2-ND"; VariantName = "[No Variations]"
Add component (AddParameter): Name = "MANUF"; Value = "WE"; VariantName = "[No Variations]"
Add component (AddParameter): Name = "MANUFCODE"; Value = "885012105012"; VariantName = "[No Variations]"
Add component (AddParameter): Name = "NoPins"; Value = "2"; VariantName = "[No Variations]"
Add component (AddParameter): Name = "SCH"; Value = "0402 1ʵF 10V X5R"; VariantName = "[No Variations]"
Add component (AddParameter): Name = "SMD"; Value = "YES"; VariantName = "[No Variations]"
Add component (AddParameter): Name = "SUPPLY"; Value = "SUB"; VariantName = "[No Variations]"
Add component (AddParameter): Name = "TECH"; Value = "X5R"; VariantName = "[No Variations]"
Add component (AddParameter): Name = "VALUE"; Value = "1ʵF"; VariantName = "[No Variations]"
Add component (AddParameter): Name = "VOLTAGE"; Value = "10"; VariantName = "[No Variations]"
Added Component: Designator=C26(CAPC0402N)
Add component (AddParameter): Name = "DESCIPTION"; Value = "CAP SMD 0402 1ʵF 10V X5R"; VariantName = "[No Variations]"
Add component (AddParameter): Name = "DIGIKEY"; Value = "732-7489-2-ND"; VariantName = "[No Variations]"
Add component (AddParameter): Name = "MANUF"; Value = "WE"; VariantName = "[No Variations]"
Add component (AddParameter): Name = "MANUFCODE"; Value = "885012105012"; VariantName = "[No Variations]"
Add component (AddParameter): Name = "NoPins"; Value = "2"; VariantName = "[No Variations]"
Add component (AddParameter): Name = "SCH"; Value = "0402 1ʵF 10V X5R"; VariantName = "[No Variations]"
Add component (AddParameter): Name = "SMD"; Value = "YES"; VariantName = "[No Variations]"
Add component (AddParameter): Name = "SUPPLY"; Value = "SUB"; VariantName = "[No Variations]"
Add component (AddParameter): Name = "TECH"; Value = "X5R"; VariantName = "[No Variations]"
Add component (AddParameter): Name = "VALUE"; Value = "1ʵF"; VariantName = "[No Variations]"
Add component (AddParameter): Name = "VOLTAGE"; Value = "10"; VariantName = "[No Variations]"
Added Component: Designator=C27(CAPC0402N)
Add component (AddParameter): Name = "DESCIPTION"; Value = "CAP SMD 0402 1ʵF 10V X5R"; VariantName = "[No Variations]"
Add component (AddParameter): Name = "DIGIKEY"; Value = "732-7489-2-ND"; VariantName = "[No Variations]"
Add component (AddParameter): Name = "MANUF"; Value = "WE"; VariantName = "[No Variations]"
Add component (AddParameter): Name = "MANUFCODE"; Value = "885012105012"; VariantName = "[No Variations]"
Add component (AddParameter): Name = "NoPins"; Value = "2"; VariantName = "[No Variations]"
Add component (AddParameter): Name = "SCH"; Value = "0402 1ʵF 10V X5R"; VariantName = "[No Variations]"
Add component (AddParameter): Name = "SMD"; Value = "YES"; VariantName = "[No Variations]"
Add component (AddParameter): Name = "SUPPLY"; Value = "SUB"; VariantName = "[No Variations]"
Add component (AddParameter): Name = "TECH"; Value = "X5R"; VariantName = "[No Variations]"
Add component (AddParameter): Name = "VALUE"; Value = "1ʵF"; VariantName = "[No Variations]"
Add component (AddParameter): Name = "VOLTAGE"; Value = "10"; VariantName = "[No Variations]"
Added Component: Designator=C28(CAPC0402N)
Add component (AddParameter): Name = "DESCIPTION"; Value = "CAP SMD 0402 1ʵF 10V X5R"; VariantName = "[No Variations]"
Add component (AddParameter): Name = "DIGIKEY"; Value = "732-7489-2-ND"; VariantName = "[No Variations]"
Add component (AddParameter): Name = "MANUF"; Value = "WE"; VariantName = "[No Variations]"
Add component (AddParameter): Name = "MANUFCODE"; Value = "885012105012"; VariantName = "[No Variations]"
Add component (AddParameter): Name = "NoPins"; Value = "2"; VariantName = "[No Variations]"
Add component (AddParameter): Name = "SCH"; Value = "0402 1ʵF 10V X5R"; VariantName = "[No Variations]"
Add component (AddParameter): Name = "SMD"; Value = "YES"; VariantName = "[No Variations]"
Add component (AddParameter): Name = "SUPPLY"; Value = "SUB"; VariantName = "[No Variations]"
Add component (AddParameter): Name = "TECH"; Value = "X5R"; VariantName = "[No Variations]"
Add component (AddParameter): Name = "VALUE"; Value = "1ʵF"; VariantName = "[No Variations]"
Add component (AddParameter): Name = "VOLTAGE"; Value = "10"; VariantName = "[No Variations]"
Added Component: Designator=C29(CAPC0402N)
Add component (AddParameter): Name = "DESCIPTION"; Value = "CAP SMD 0402 1ʵF 10V X5R"; VariantName = "[No Variations]"
Add component (AddParameter): Name = "DIGIKEY"; Value = "732-7489-2-ND"; VariantName = "[No Variations]"
Add component (AddParameter): Name = "MANUF"; Value = "WE"; VariantName = "[No Variations]"
Add component (AddParameter): Name = "MANUFCODE"; Value = "885012105012"; VariantName = "[No Variations]"
Add component (AddParameter): Name = "NoPins"; Value = "2"; VariantName = "[No Variations]"
Add component (AddParameter): Name = "SCH"; Value = "0402 1ʵF 10V X5R"; VariantName = "[No Variations]"
Add component (AddParameter): Name = "SMD"; Value = "YES"; VariantName = "[No Variations]"
Add component (AddParameter): Name = "SUPPLY"; Value = "SUB"; VariantName = "[No Variations]"
Add component (AddParameter): Name = "TECH"; Value = "X5R"; VariantName = "[No Variations]"
Add component (AddParameter): Name = "VALUE"; Value = "1ʵF"; VariantName = "[No Variations]"
Add component (AddParameter): Name = "VOLTAGE"; Value = "10"; VariantName = "[No Variations]"
Added Pin To Net: NetName=GND Pin=C12-1
Added Pin To Net: NetName=VCC_5V Pin=C12-2
Added Pin To Net: NetName=GND Pin=C13-1
Added Pin To Net: NetName=VCC_5V Pin=C13-2
Added Pin To Net: NetName=GND Pin=C14-1
Added Pin To Net: NetName=VCC_5V Pin=C14-2
Added Pin To Net: NetName=GND Pin=C15-1
Added Pin To Net: NetName=VCC_5V Pin=C15-2
Added Pin To Net: NetName=GND Pin=C16-1
Added Pin To Net: NetName=VCC_5V Pin=C16-2
Added Pin To Net: NetName=GND Pin=C17-1
Added Pin To Net: NetName=VCC_5V Pin=C17-2
Added Pin To Net: NetName=GND Pin=C18-1
Added Pin To Net: NetName=VCC_5V Pin=C18-2
Added Pin To Net: NetName=GND Pin=C19-1
Added Pin To Net: NetName=VCC_5V Pin=C19-2
Added Pin To Net: NetName=GND Pin=C20-1
Added Pin To Net: NetName=VCC_5V Pin=C20-2
Added Pin To Net: NetName=GND Pin=C21-1
Added Pin To Net: NetName=VCC_5V Pin=C21-2
Added Pin To Net: NetName=GND Pin=C22-1
Added Pin To Net: NetName=VCC_5V Pin=C22-2
Added Pin To Net: NetName=GND Pin=C23-1
Added Pin To Net: NetName=VCC_5V Pin=C23-2
Added Pin To Net: NetName=GND Pin=C24-1
Added Pin To Net: NetName=VCC_5V Pin=C24-2
Added Pin To Net: NetName=GND Pin=C25-1
Added Pin To Net: NetName=VCC_5V Pin=C25-2
Added Pin To Net: NetName=GND Pin=C26-1
Added Pin To Net: NetName=VCC_5V Pin=C26-2
Added Pin To Net: NetName=GND Pin=C27-1
Added Pin To Net: NetName=VCC_5V Pin=C27-2
Added Pin To Net: NetName=GND Pin=C28-1
Added Pin To Net: NetName=VCC_5V Pin=C28-2
Added Pin To Net: NetName=GND Pin=C29-1
Added Pin To Net: NetName=VCC_5V Pin=C29-2
Added Pin To Net: NetName=R13 Pin=U1-11
Added Pin To Net: NetName=C3 Pin=U1-20
Added Member To Class: ClassName=Underglow Member=Component C12 Cap
Added Member To Class: ClassName=Underglow Member=Component C13 Cap
Added Member To Class: ClassName=Underglow Member=Component C14 Cap
Added Member To Class: ClassName=Underglow Member=Component C15 Cap
Added Member To Class: ClassName=Underglow Member=Component C16 Cap
Added Member To Class: ClassName=Underglow Member=Component C17 Cap
Added Member To Class: ClassName=Underglow Member=Component C18 Cap
Added Member To Class: ClassName=Underglow Member=Component C19 Cap
Added Member To Class: ClassName=Underglow Member=Component C20 Cap
Added Member To Class: ClassName=Underglow Member=Component C21 Cap
Added Member To Class: ClassName=Underglow Member=Component C22 Cap
Added Member To Class: ClassName=Underglow Member=Component C23 Cap
Added Member To Class: ClassName=Underglow Member=Component C24 Cap
Added Member To Class: ClassName=Underglow Member=Component C25 Cap
Added Member To Class: ClassName=Underglow Member=Component C26 Cap
Added Member To Class: ClassName=Underglow Member=Component C27 Cap
Added Member To Class: ClassName=Underglow Member=Component C28 Cap
Added Member To Class: ClassName=Underglow Member=Component C29 Cap
