Change Component Comment : Designator=U1 Old Comment=ATMEGA32U4 New Comment=ATMEGA32U4-MU-ND
Change component parameters: Designator = "C1" ("C1"); Footprint = "CAPC0402N"; UniqueID = "\GJFOSATG" ("\GJFOSATG")
Change component parameters (AddParameter): Name = "COMPATIBLES"; Value = "True"; VariantName = "[No Variations]"
Change component parameters (AddParameter): Name = "DESCIPTION"; Value = "CAP SMD 0402 1 µF 10V X5R"; VariantName = "[No Variations]"
Change component parameters (AddParameter): Name = "DIGIKEY"; Value = "732-7489-2-ND"; VariantName = "[No Variations]"
Change component parameters (AddParameter): Name = "MANUF"; Value = "WE"; VariantName = "[No Variations]"
Change component parameters (AddParameter): Name = "MANUFCODE"; Value = "885012105012"; VariantName = "[No Variations]"
Change component parameters (AddParameter): Name = "NoPins"; Value = "2"; VariantName = "[No Variations]"
Change component parameters (AddParameter): Name = "SCH"; Value = "0402 1 µF 10V X5R"; VariantName = "[No Variations]"
Change component parameters (AddParameter): Name = "SMD"; Value = "YES"; VariantName = "[No Variations]"
Change component parameters (AddParameter): Name = "SUPPLY"; Value = "SUB"; VariantName = "[No Variations]"
Change component parameters (AddParameter): Name = "TECH"; Value = "X5R"; VariantName = "[No Variations]"
Change component parameters (AddParameter): Name = "VALUE"; Value = "1 µF"; VariantName = "[No Variations]"
Change component parameters (AddParameter): Name = "VOLTAGE"; Value = "10"; VariantName = "[No Variations]"
Change component parameters: Designator = "C2" ("C2"); Footprint = "CAPC0805N"; UniqueID = "\UXMDGSVS" ("\UXMDGSVS")
Change component parameters (AddParameter): Name = "COMPATIBLES"; Value = "True"; VariantName = "[No Variations]"
Change component parameters (AddParameter): Name = "DESCIPTION"; Value = "CAP SMD 0805 10 µF 10 V X5R"; VariantName = "[No Variations]"
Change component parameters (AddParameter): Name = "DIGIKEY"; Value = "732-7620-2-ND"; VariantName = "[No Variations]"
Change component parameters (AddParameter): Name = "MANUF"; Value = "WE"; VariantName = "[No Variations]"
Change component parameters (AddParameter): Name = "MANUFCODE"; Value = "885012107010"; VariantName = "[No Variations]"
Change component parameters (AddParameter): Name = "NoPins"; Value = "2"; VariantName = "[No Variations]"
Change component parameters (AddParameter): Name = "SCH"; Value = "0805 10µF 10V X5R"; VariantName = "[No Variations]"
Change component parameters (AddParameter): Name = "SMD"; Value = "YES"; VariantName = "[No Variations]"
Change component parameters (AddParameter): Name = "SUPPLY"; Value = "SUB"; VariantName = "[No Variations]"
Change component parameters (AddParameter): Name = "TECH"; Value = "X5R"; VariantName = "[No Variations]"
Change component parameters (AddParameter): Name = "TOLERANCE"; Value = "±20%"; VariantName = "[No Variations]"
Change component parameters (AddParameter): Name = "VALUE"; Value = "10 µF"; VariantName = "[No Variations]"
Change component parameters (AddParameter): Name = "VOLTAGE"; Value = "10"; VariantName = "[No Variations]"
Change component parameters: Designator = "C3" ("C3"); Footprint = "CAPC0402N"; UniqueID = "\UMGAZMWI" ("\UMGAZMWI")
Change component parameters (AddParameter): Name = "COMPATIBLES"; Value = "True"; VariantName = "[No Variations]"
Change component parameters (AddParameter): Name = "DESCIPTION"; Value = "CAP SMD 0402 10 pF 10V NP0"; VariantName = "[No Variations]"
Change component parameters (AddParameter): Name = "DIGIKEY"; Value = "732-7425-2-ND"; VariantName = "[No Variations]"
Change component parameters (AddParameter): Name = "MANUF"; Value = "WE"; VariantName = "[No Variations]"
Change component parameters (AddParameter): Name = "MANUFCODE"; Value = "885012005007"; VariantName = "[No Variations]"
Change component parameters (AddParameter): Name = "NoPins"; Value = "2"; VariantName = "[No Variations]"
Change component parameters (AddParameter): Name = "SCH"; Value = "0402 10 pF 10V NP0"; VariantName = "[No Variations]"
Change component parameters (AddParameter): Name = "SMD"; Value = "YES"; VariantName = "[No Variations]"
Change component parameters (AddParameter): Name = "SUPPLY"; Value = "SUB"; VariantName = "[No Variations]"
Change component parameters (AddParameter): Name = "TECH"; Value = "NP0"; VariantName = "[No Variations]"
Change component parameters (AddParameter): Name = "VALUE"; Value = "10 pF"; VariantName = "[No Variations]"
Change component parameters (AddParameter): Name = "VOLTAGE"; Value = "10"; VariantName = "[No Variations]"
Change component parameters: Designator = "C4" ("C4"); Footprint = "CAPC0402N"; UniqueID = "\WMTILVNS" ("\WMTILVNS")
Change component parameters (AddParameter): Name = "COMPATIBLES"; Value = "True"; VariantName = "[No Variations]"
Change component parameters (AddParameter): Name = "DESCIPTION"; Value = "CAP SMD 0402 10 pF 10V NP0"; VariantName = "[No Variations]"
Change component parameters (AddParameter): Name = "DIGIKEY"; Value = "732-7425-2-ND"; VariantName = "[No Variations]"
Change component parameters (AddParameter): Name = "MANUF"; Value = "WE"; VariantName = "[No Variations]"
Change component parameters (AddParameter): Name = "MANUFCODE"; Value = "885012005007"; VariantName = "[No Variations]"
Change component parameters (AddParameter): Name = "NoPins"; Value = "2"; VariantName = "[No Variations]"
Change component parameters (AddParameter): Name = "SCH"; Value = "0402 10 pF 10V NP0"; VariantName = "[No Variations]"
Change component parameters (AddParameter): Name = "SMD"; Value = "YES"; VariantName = "[No Variations]"
Change component parameters (AddParameter): Name = "SUPPLY"; Value = "SUB"; VariantName = "[No Variations]"
Change component parameters (AddParameter): Name = "TECH"; Value = "NP0"; VariantName = "[No Variations]"
Change component parameters (AddParameter): Name = "VALUE"; Value = "10 pF"; VariantName = "[No Variations]"
Change component parameters (AddParameter): Name = "VOLTAGE"; Value = "10"; VariantName = "[No Variations]"
Change component parameters: Designator = "C5" ("C5"); Footprint = "CAPC0402N"; UniqueID = "\EAOZIEMO" ("\EAOZIEMO")
Change component parameters (AddParameter): Name = "COMPATIBLES"; Value = "True"; VariantName = "[No Variations]"
Change component parameters (AddParameter): Name = "DESCIPTION"; Value = "CAP SMD 0402 100 nF 10V X5R"; VariantName = "[No Variations]"
Change component parameters (AddParameter): Name = "DIGIKEY"; Value = "732-7487-2-ND"; VariantName = "[No Variations]"
Change component parameters (AddParameter): Name = "MANUF"; Value = "WE"; VariantName = "[No Variations]"
Change component parameters (AddParameter): Name = "MANUFCODE"; Value = "885012105010"; VariantName = "[No Variations]"
Change component parameters (AddParameter): Name = "NoPins"; Value = "2"; VariantName = "[No Variations]"
Change component parameters (AddParameter): Name = "SCH"; Value = "0402 100 nF 10V X5R"; VariantName = "[No Variations]"
Change component parameters (AddParameter): Name = "SMD"; Value = "YES"; VariantName = "[No Variations]"
Change component parameters (AddParameter): Name = "SUPPLY"; Value = "SUB"; VariantName = "[No Variations]"
Change component parameters (AddParameter): Name = "TECH"; Value = "X5R"; VariantName = "[No Variations]"
Change component parameters (AddParameter): Name = "VALUE"; Value = "100 nF"; VariantName = "[No Variations]"
Change component parameters (AddParameter): Name = "VOLTAGE"; Value = "10"; VariantName = "[No Variations]"
Change component parameters: Designator = "C6" ("C6"); Footprint = "CAPC0402N"; UniqueID = "\CBACOXJO" ("\CBACOXJO")
Change component parameters (AddParameter): Name = "COMPATIBLES"; Value = "True"; VariantName = "[No Variations]"
Change component parameters (AddParameter): Name = "DESCIPTION"; Value = "CAP SMD 0402 100 nF 10V X5R"; VariantName = "[No Variations]"
Change component parameters (AddParameter): Name = "DIGIKEY"; Value = "732-7487-2-ND"; VariantName = "[No Variations]"
Change component parameters (AddParameter): Name = "MANUF"; Value = "WE"; VariantName = "[No Variations]"
Change component parameters (AddParameter): Name = "MANUFCODE"; Value = "885012105010"; VariantName = "[No Variations]"
Change component parameters (AddParameter): Name = "NoPins"; Value = "2"; VariantName = "[No Variations]"
Change component parameters (AddParameter): Name = "SCH"; Value = "0402 100 nF 10V X5R"; VariantName = "[No Variations]"
Change component parameters (AddParameter): Name = "SMD"; Value = "YES"; VariantName = "[No Variations]"
Change component parameters (AddParameter): Name = "SUPPLY"; Value = "SUB"; VariantName = "[No Variations]"
Change component parameters (AddParameter): Name = "TECH"; Value = "X5R"; VariantName = "[No Variations]"
Change component parameters (AddParameter): Name = "VALUE"; Value = "100 nF"; VariantName = "[No Variations]"
Change component parameters (AddParameter): Name = "VOLTAGE"; Value = "10"; VariantName = "[No Variations]"
Change component parameters: Designator = "C7" ("C7"); Footprint = "CAPC0402N"; UniqueID = "\YUGPZXIV" ("\YUGPZXIV")
Change component parameters (AddParameter): Name = "COMPATIBLES"; Value = "True"; VariantName = "[No Variations]"
Change component parameters (AddParameter): Name = "DESCIPTION"; Value = "CAP SMD 0402 100 nF 10V X5R"; VariantName = "[No Variations]"
Change component parameters (AddParameter): Name = "DIGIKEY"; Value = "732-7487-2-ND"; VariantName = "[No Variations]"
Change component parameters (AddParameter): Name = "MANUF"; Value = "WE"; VariantName = "[No Variations]"
Change component parameters (AddParameter): Name = "MANUFCODE"; Value = "885012105010"; VariantName = "[No Variations]"
Change component parameters (AddParameter): Name = "NoPins"; Value = "2"; VariantName = "[No Variations]"
Change component parameters (AddParameter): Name = "SCH"; Value = "0402 100 nF 10V X5R"; VariantName = "[No Variations]"
Change component parameters (AddParameter): Name = "SMD"; Value = "YES"; VariantName = "[No Variations]"
Change component parameters (AddParameter): Name = "SUPPLY"; Value = "SUB"; VariantName = "[No Variations]"
Change component parameters (AddParameter): Name = "TECH"; Value = "X5R"; VariantName = "[No Variations]"
Change component parameters (AddParameter): Name = "VALUE"; Value = "100 nF"; VariantName = "[No Variations]"
Change component parameters (AddParameter): Name = "VOLTAGE"; Value = "10"; VariantName = "[No Variations]"
Change component parameters: Designator = "C8" ("C8"); Footprint = "CAPC0402N"; UniqueID = "\RZHCPADH" ("\RZHCPADH")
Change component parameters (AddParameter): Name = "COMPATIBLES"; Value = "True"; VariantName = "[No Variations]"
Change component parameters (AddParameter): Name = "DESCIPTION"; Value = "CAP SMD 0402 100 nF 10V X5R"; VariantName = "[No Variations]"
Change component parameters (AddParameter): Name = "DIGIKEY"; Value = "732-7487-2-ND"; VariantName = "[No Variations]"
Change component parameters (AddParameter): Name = "MANUF"; Value = "WE"; VariantName = "[No Variations]"
Change component parameters (AddParameter): Name = "MANUFCODE"; Value = "885012105010"; VariantName = "[No Variations]"
Change component parameters (AddParameter): Name = "NoPins"; Value = "2"; VariantName = "[No Variations]"
Change component parameters (AddParameter): Name = "SCH"; Value = "0402 100 nF 10V X5R"; VariantName = "[No Variations]"
Change component parameters (AddParameter): Name = "SMD"; Value = "YES"; VariantName = "[No Variations]"
Change component parameters (AddParameter): Name = "SUPPLY"; Value = "SUB"; VariantName = "[No Variations]"
Change component parameters (AddParameter): Name = "TECH"; Value = "X5R"; VariantName = "[No Variations]"
Change component parameters (AddParameter): Name = "VALUE"; Value = "100 nF"; VariantName = "[No Variations]"
Change component parameters (AddParameter): Name = "VOLTAGE"; Value = "10"; VariantName = "[No Variations]"
Change component parameters: Designator = "C9" ("C9"); Footprint = "CAPC0402N"; UniqueID = "\NOBTLHBG" ("\NOBTLHBG")
Change component parameters (AddParameter): Name = "COMPATIBLES"; Value = "True"; VariantName = "[No Variations]"
Change component parameters (AddParameter): Name = "DESCIPTION"; Value = "CAP SMD 0402 100 nF 10V X5R"; VariantName = "[No Variations]"
Change component parameters (AddParameter): Name = "DIGIKEY"; Value = "732-7487-2-ND"; VariantName = "[No Variations]"
Change component parameters (AddParameter): Name = "MANUF"; Value = "WE"; VariantName = "[No Variations]"
Change component parameters (AddParameter): Name = "MANUFCODE"; Value = "885012105010"; VariantName = "[No Variations]"
Change component parameters (AddParameter): Name = "NoPins"; Value = "2"; VariantName = "[No Variations]"
Change component parameters (AddParameter): Name = "SCH"; Value = "0402 100 nF 10V X5R"; VariantName = "[No Variations]"
Change component parameters (AddParameter): Name = "SMD"; Value = "YES"; VariantName = "[No Variations]"
Change component parameters (AddParameter): Name = "SUPPLY"; Value = "SUB"; VariantName = "[No Variations]"
Change component parameters (AddParameter): Name = "TECH"; Value = "X5R"; VariantName = "[No Variations]"
Change component parameters (AddParameter): Name = "VALUE"; Value = "100 nF"; VariantName = "[No Variations]"
Change component parameters (AddParameter): Name = "VOLTAGE"; Value = "10"; VariantName = "[No Variations]"
Change component parameters: Designator = "C10" ("C10"); Footprint = "CAPC0402N"; UniqueID = "\BQBJYNYE" ("\BQBJYNYE")
Change component parameters (AddParameter): Name = "COMPATIBLES"; Value = "True"; VariantName = "[No Variations]"
Change component parameters (AddParameter): Name = "DESCIPTION"; Value = "CAP SMD 0402 100 nF 10V X5R"; VariantName = "[No Variations]"
Change component parameters (AddParameter): Name = "DIGIKEY"; Value = "732-7487-2-ND"; VariantName = "[No Variations]"
Change component parameters (AddParameter): Name = "MANUF"; Value = "WE"; VariantName = "[No Variations]"
Change component parameters (AddParameter): Name = "MANUFCODE"; Value = "885012105010"; VariantName = "[No Variations]"
Change component parameters (AddParameter): Name = "NoPins"; Value = "2"; VariantName = "[No Variations]"
Change component parameters (AddParameter): Name = "SCH"; Value = "0402 100 nF 10V X5R"; VariantName = "[No Variations]"
Change component parameters (AddParameter): Name = "SMD"; Value = "YES"; VariantName = "[No Variations]"
Change component parameters (AddParameter): Name = "SUPPLY"; Value = "SUB"; VariantName = "[No Variations]"
Change component parameters (AddParameter): Name = "TECH"; Value = "X5R"; VariantName = "[No Variations]"
Change component parameters (AddParameter): Name = "VALUE"; Value = "100 nF"; VariantName = "[No Variations]"
Change component parameters (AddParameter): Name = "VOLTAGE"; Value = "10"; VariantName = "[No Variations]"
Change component parameters: Designator = "C11" ("C11"); Footprint = "CAPC0402N"; UniqueID = "\DCMWFIKJ" ("\DCMWFIKJ")
Change component parameters (AddParameter): Name = "COMPATIBLES"; Value = "True"; VariantName = "[No Variations]"
Change component parameters (AddParameter): Name = "DESCIPTION"; Value = "CAP SMD 0402 100 nF 10V X5R"; VariantName = "[No Variations]"
Change component parameters (AddParameter): Name = "DIGIKEY"; Value = "732-7487-2-ND"; VariantName = "[No Variations]"
Change component parameters (AddParameter): Name = "MANUF"; Value = "WE"; VariantName = "[No Variations]"
Change component parameters (AddParameter): Name = "MANUFCODE"; Value = "885012105010"; VariantName = "[No Variations]"
Change component parameters (AddParameter): Name = "NoPins"; Value = "2"; VariantName = "[No Variations]"
Change component parameters (AddParameter): Name = "SCH"; Value = "0402 100 nF 10V X5R"; VariantName = "[No Variations]"
Change component parameters (AddParameter): Name = "SMD"; Value = "YES"; VariantName = "[No Variations]"
Change component parameters (AddParameter): Name = "SUPPLY"; Value = "SUB"; VariantName = "[No Variations]"
Change component parameters (AddParameter): Name = "TECH"; Value = "X5R"; VariantName = "[No Variations]"
Change component parameters (AddParameter): Name = "VALUE"; Value = "100 nF"; VariantName = "[No Variations]"
Change component parameters (AddParameter): Name = "VOLTAGE"; Value = "10"; VariantName = "[No Variations]"
Change component parameters: Designator = "C12" ("C12"); Footprint = "CAPC0402N"; UniqueID = "\JDWIWLKD" ("\JDWIWLKD")
Change component parameters (AddParameter): Name = "COMPATIBLES"; Value = "True"; VariantName = "[No Variations]"
Change component parameters (AddParameter): Name = "DESCIPTION"; Value = "CAP SMD 0402 100 nF 10V X5R"; VariantName = "[No Variations]"
Change component parameters (AddParameter): Name = "DIGIKEY"; Value = "732-7487-2-ND"; VariantName = "[No Variations]"
Change component parameters (AddParameter): Name = "MANUF"; Value = "WE"; VariantName = "[No Variations]"
Change component parameters (AddParameter): Name = "MANUFCODE"; Value = "885012105010"; VariantName = "[No Variations]"
Change component parameters (AddParameter): Name = "NoPins"; Value = "2"; VariantName = "[No Variations]"
Change component parameters (AddParameter): Name = "SCH"; Value = "0402 100 nF 10V X5R"; VariantName = "[No Variations]"
Change component parameters (AddParameter): Name = "SMD"; Value = "YES"; VariantName = "[No Variations]"
Change component parameters (AddParameter): Name = "SUPPLY"; Value = "SUB"; VariantName = "[No Variations]"
Change component parameters (AddParameter): Name = "TECH"; Value = "X5R"; VariantName = "[No Variations]"
Change component parameters (AddParameter): Name = "VALUE"; Value = "100 nF"; VariantName = "[No Variations]"
Change component parameters (AddParameter): Name = "VOLTAGE"; Value = "10"; VariantName = "[No Variations]"
Change component parameters: Designator = "C13" ("C13"); Footprint = "CAPC0402N"; UniqueID = "\QUJZHRGT" ("\QUJZHRGT")
Change component parameters (AddParameter): Name = "COMPATIBLES"; Value = "True"; VariantName = "[No Variations]"
Change component parameters (AddParameter): Name = "DESCIPTION"; Value = "CAP SMD 0402 100 nF 10V X5R"; VariantName = "[No Variations]"
Change component parameters (AddParameter): Name = "DIGIKEY"; Value = "732-7487-2-ND"; VariantName = "[No Variations]"
Change component parameters (AddParameter): Name = "MANUF"; Value = "WE"; VariantName = "[No Variations]"
Change component parameters (AddParameter): Name = "MANUFCODE"; Value = "885012105010"; VariantName = "[No Variations]"
Change component parameters (AddParameter): Name = "NoPins"; Value = "2"; VariantName = "[No Variations]"
Change component parameters (AddParameter): Name = "SCH"; Value = "0402 100 nF 10V X5R"; VariantName = "[No Variations]"
Change component parameters (AddParameter): Name = "SMD"; Value = "YES"; VariantName = "[No Variations]"
Change component parameters (AddParameter): Name = "SUPPLY"; Value = "SUB"; VariantName = "[No Variations]"
Change component parameters (AddParameter): Name = "TECH"; Value = "X5R"; VariantName = "[No Variations]"
Change component parameters (AddParameter): Name = "VALUE"; Value = "100 nF"; VariantName = "[No Variations]"
Change component parameters (AddParameter): Name = "VOLTAGE"; Value = "10"; VariantName = "[No Variations]"
Change component parameters: Designator = "C14" ("C14"); Footprint = "CAPC0402N"; UniqueID = "\MRTTVDMN" ("\MRTTVDMN")
Change component parameters (AddParameter): Name = "COMPATIBLES"; Value = "True"; VariantName = "[No Variations]"
Change component parameters (AddParameter): Name = "DESCIPTION"; Value = "CAP SMD 0402 100 nF 10V X5R"; VariantName = "[No Variations]"
Change component parameters (AddParameter): Name = "DIGIKEY"; Value = "732-7487-2-ND"; VariantName = "[No Variations]"
Change component parameters (AddParameter): Name = "MANUF"; Value = "WE"; VariantName = "[No Variations]"
Change component parameters (AddParameter): Name = "MANUFCODE"; Value = "885012105010"; VariantName = "[No Variations]"
Change component parameters (AddParameter): Name = "NoPins"; Value = "2"; VariantName = "[No Variations]"
Change component parameters (AddParameter): Name = "SCH"; Value = "0402 100 nF 10V X5R"; VariantName = "[No Variations]"
Change component parameters (AddParameter): Name = "SMD"; Value = "YES"; VariantName = "[No Variations]"
Change component parameters (AddParameter): Name = "SUPPLY"; Value = "SUB"; VariantName = "[No Variations]"
Change component parameters (AddParameter): Name = "TECH"; Value = "X5R"; VariantName = "[No Variations]"
Change component parameters (AddParameter): Name = "VALUE"; Value = "100 nF"; VariantName = "[No Variations]"
Change component parameters (AddParameter): Name = "VOLTAGE"; Value = "10"; VariantName = "[No Variations]"
Change component parameters: Designator = "C15" ("C15"); Footprint = "CAPC0402N"; UniqueID = "\GKXBJXQH" ("\GKXBJXQH")
Change component parameters (AddParameter): Name = "COMPATIBLES"; Value = "True"; VariantName = "[No Variations]"
Change component parameters (AddParameter): Name = "DESCIPTION"; Value = "CAP SMD 0402 100 nF 10V X5R"; VariantName = "[No Variations]"
Change component parameters (AddParameter): Name = "DIGIKEY"; Value = "732-7487-2-ND"; VariantName = "[No Variations]"
Change component parameters (AddParameter): Name = "MANUF"; Value = "WE"; VariantName = "[No Variations]"
Change component parameters (AddParameter): Name = "MANUFCODE"; Value = "885012105010"; VariantName = "[No Variations]"
Change component parameters (AddParameter): Name = "NoPins"; Value = "2"; VariantName = "[No Variations]"
Change component parameters (AddParameter): Name = "SCH"; Value = "0402 100 nF 10V X5R"; VariantName = "[No Variations]"
Change component parameters (AddParameter): Name = "SMD"; Value = "YES"; VariantName = "[No Variations]"
Change component parameters (AddParameter): Name = "SUPPLY"; Value = "SUB"; VariantName = "[No Variations]"
Change component parameters (AddParameter): Name = "TECH"; Value = "X5R"; VariantName = "[No Variations]"
Change component parameters (AddParameter): Name = "VALUE"; Value = "100 nF"; VariantName = "[No Variations]"
Change component parameters (AddParameter): Name = "VOLTAGE"; Value = "10"; VariantName = "[No Variations]"
Change component parameters: Designator = "C16" ("C16"); Footprint = "CAPC0402N"; UniqueID = "\APRDMOJJ" ("\APRDMOJJ")
Change component parameters (AddParameter): Name = "COMPATIBLES"; Value = "True"; VariantName = "[No Variations]"
Change component parameters (AddParameter): Name = "DESCIPTION"; Value = "CAP SMD 0402 100 nF 10V X5R"; VariantName = "[No Variations]"
Change component parameters (AddParameter): Name = "DIGIKEY"; Value = "732-7487-2-ND"; VariantName = "[No Variations]"
Change component parameters (AddParameter): Name = "MANUF"; Value = "WE"; VariantName = "[No Variations]"
Change component parameters (AddParameter): Name = "MANUFCODE"; Value = "885012105010"; VariantName = "[No Variations]"
Change component parameters (AddParameter): Name = "NoPins"; Value = "2"; VariantName = "[No Variations]"
Change component parameters (AddParameter): Name = "SCH"; Value = "0402 100 nF 10V X5R"; VariantName = "[No Variations]"
Change component parameters (AddParameter): Name = "SMD"; Value = "YES"; VariantName = "[No Variations]"
Change component parameters (AddParameter): Name = "SUPPLY"; Value = "SUB"; VariantName = "[No Variations]"
Change component parameters (AddParameter): Name = "TECH"; Value = "X5R"; VariantName = "[No Variations]"
Change component parameters (AddParameter): Name = "VALUE"; Value = "100 nF"; VariantName = "[No Variations]"
Change component parameters (AddParameter): Name = "VOLTAGE"; Value = "10"; VariantName = "[No Variations]"
Change component parameters: Designator = "C17" ("C17"); Footprint = "CAPC0402N"; UniqueID = "\FOPZEHHD" ("\FOPZEHHD")
Change component parameters (AddParameter): Name = "COMPATIBLES"; Value = "True"; VariantName = "[No Variations]"
Change component parameters (AddParameter): Name = "DESCIPTION"; Value = "CAP SMD 0402 100 nF 10V X5R"; VariantName = "[No Variations]"
Change component parameters (AddParameter): Name = "DIGIKEY"; Value = "732-7487-2-ND"; VariantName = "[No Variations]"
Change component parameters (AddParameter): Name = "MANUF"; Value = "WE"; VariantName = "[No Variations]"
Change component parameters (AddParameter): Name = "MANUFCODE"; Value = "885012105010"; VariantName = "[No Variations]"
Change component parameters (AddParameter): Name = "NoPins"; Value = "2"; VariantName = "[No Variations]"
Change component parameters (AddParameter): Name = "SCH"; Value = "0402 100 nF 10V X5R"; VariantName = "[No Variations]"
Change component parameters (AddParameter): Name = "SMD"; Value = "YES"; VariantName = "[No Variations]"
Change component parameters (AddParameter): Name = "SUPPLY"; Value = "SUB"; VariantName = "[No Variations]"
Change component parameters (AddParameter): Name = "TECH"; Value = "X5R"; VariantName = "[No Variations]"
Change component parameters (AddParameter): Name = "VALUE"; Value = "100 nF"; VariantName = "[No Variations]"
Change component parameters (AddParameter): Name = "VOLTAGE"; Value = "10"; VariantName = "[No Variations]"
Change component parameters: Designator = "C18" ("C18"); Footprint = "CAPC0402N"; UniqueID = "\NULWRQMC" ("\NULWRQMC")
Change component parameters (AddParameter): Name = "COMPATIBLES"; Value = "True"; VariantName = "[No Variations]"
Change component parameters (AddParameter): Name = "DESCIPTION"; Value = "CAP SMD 0402 100 nF 10V X5R"; VariantName = "[No Variations]"
Change component parameters (AddParameter): Name = "DIGIKEY"; Value = "732-7487-2-ND"; VariantName = "[No Variations]"
Change component parameters (AddParameter): Name = "MANUF"; Value = "WE"; VariantName = "[No Variations]"
Change component parameters (AddParameter): Name = "MANUFCODE"; Value = "885012105010"; VariantName = "[No Variations]"
Change component parameters (AddParameter): Name = "NoPins"; Value = "2"; VariantName = "[No Variations]"
Change component parameters (AddParameter): Name = "SCH"; Value = "0402 100 nF 10V X5R"; VariantName = "[No Variations]"
Change component parameters (AddParameter): Name = "SMD"; Value = "YES"; VariantName = "[No Variations]"
Change component parameters (AddParameter): Name = "SUPPLY"; Value = "SUB"; VariantName = "[No Variations]"
Change component parameters (AddParameter): Name = "TECH"; Value = "X5R"; VariantName = "[No Variations]"
Change component parameters (AddParameter): Name = "VALUE"; Value = "100 nF"; VariantName = "[No Variations]"
Change component parameters (AddParameter): Name = "VOLTAGE"; Value = "10"; VariantName = "[No Variations]"
Change component parameters: Designator = "C19" ("C19"); Footprint = "CAPC0402N"; UniqueID = "\PXHMECSK" ("\PXHMECSK")
Change component parameters (AddParameter): Name = "COMPATIBLES"; Value = "True"; VariantName = "[No Variations]"
Change component parameters (AddParameter): Name = "DESCIPTION"; Value = "CAP SMD 0402 100 nF 10V X5R"; VariantName = "[No Variations]"
Change component parameters (AddParameter): Name = "DIGIKEY"; Value = "732-7487-2-ND"; VariantName = "[No Variations]"
Change component parameters (AddParameter): Name = "MANUF"; Value = "WE"; VariantName = "[No Variations]"
Change component parameters (AddParameter): Name = "MANUFCODE"; Value = "885012105010"; VariantName = "[No Variations]"
Change component parameters (AddParameter): Name = "NoPins"; Value = "2"; VariantName = "[No Variations]"
Change component parameters (AddParameter): Name = "SCH"; Value = "0402 100 nF 10V X5R"; VariantName = "[No Variations]"
Change component parameters (AddParameter): Name = "SMD"; Value = "YES"; VariantName = "[No Variations]"
Change component parameters (AddParameter): Name = "SUPPLY"; Value = "SUB"; VariantName = "[No Variations]"
Change component parameters (AddParameter): Name = "TECH"; Value = "X5R"; VariantName = "[No Variations]"
Change component parameters (AddParameter): Name = "VALUE"; Value = "100 nF"; VariantName = "[No Variations]"
Change component parameters (AddParameter): Name = "VOLTAGE"; Value = "10"; VariantName = "[No Variations]"
Change component parameters: Designator = "C20" ("C20"); Footprint = "CAPC0402N"; UniqueID = "\WJPBEIKO" ("\WJPBEIKO")
Change component parameters (AddParameter): Name = "COMPATIBLES"; Value = "True"; VariantName = "[No Variations]"
Change component parameters (AddParameter): Name = "DESCIPTION"; Value = "CAP SMD 0402 100 nF 10V X5R"; VariantName = "[No Variations]"
Change component parameters (AddParameter): Name = "DIGIKEY"; Value = "732-7487-2-ND"; VariantName = "[No Variations]"
Change component parameters (AddParameter): Name = "MANUF"; Value = "WE"; VariantName = "[No Variations]"
Change component parameters (AddParameter): Name = "MANUFCODE"; Value = "885012105010"; VariantName = "[No Variations]"
Change component parameters (AddParameter): Name = "NoPins"; Value = "2"; VariantName = "[No Variations]"
Change component parameters (AddParameter): Name = "SCH"; Value = "0402 100 nF 10V X5R"; VariantName = "[No Variations]"
Change component parameters (AddParameter): Name = "SMD"; Value = "YES"; VariantName = "[No Variations]"
Change component parameters (AddParameter): Name = "SUPPLY"; Value = "SUB"; VariantName = "[No Variations]"
Change component parameters (AddParameter): Name = "TECH"; Value = "X5R"; VariantName = "[No Variations]"
Change component parameters (AddParameter): Name = "VALUE"; Value = "100 nF"; VariantName = "[No Variations]"
Change component parameters (AddParameter): Name = "VOLTAGE"; Value = "10"; VariantName = "[No Variations]"
Change component parameters: Designator = "C21" ("C21"); Footprint = "CAPC0402N"; UniqueID = "\FPKCZHJN" ("\FPKCZHJN")
Change component parameters (AddParameter): Name = "COMPATIBLES"; Value = "True"; VariantName = "[No Variations]"
Change component parameters (AddParameter): Name = "DESCIPTION"; Value = "CAP SMD 0402 100 nF 10V X5R"; VariantName = "[No Variations]"
Change component parameters (AddParameter): Name = "DIGIKEY"; Value = "732-7487-2-ND"; VariantName = "[No Variations]"
Change component parameters (AddParameter): Name = "MANUF"; Value = "WE"; VariantName = "[No Variations]"
Change component parameters (AddParameter): Name = "MANUFCODE"; Value = "885012105010"; VariantName = "[No Variations]"
Change component parameters (AddParameter): Name = "NoPins"; Value = "2"; VariantName = "[No Variations]"
Change component parameters (AddParameter): Name = "SCH"; Value = "0402 100 nF 10V X5R"; VariantName = "[No Variations]"
Change component parameters (AddParameter): Name = "SMD"; Value = "YES"; VariantName = "[No Variations]"
Change component parameters (AddParameter): Name = "SUPPLY"; Value = "SUB"; VariantName = "[No Variations]"
Change component parameters (AddParameter): Name = "TECH"; Value = "X5R"; VariantName = "[No Variations]"
Change component parameters (AddParameter): Name = "VALUE"; Value = "100 nF"; VariantName = "[No Variations]"
Change component parameters (AddParameter): Name = "VOLTAGE"; Value = "10"; VariantName = "[No Variations]"
Change component parameters: Designator = "C22" ("C22"); Footprint = "CAPC0402N"; UniqueID = "\MOEIGDSR" ("\MOEIGDSR")
Change component parameters (AddParameter): Name = "COMPATIBLES"; Value = "True"; VariantName = "[No Variations]"
Change component parameters (AddParameter): Name = "DESCIPTION"; Value = "CAP SMD 0402 100 nF 10V X5R"; VariantName = "[No Variations]"
Change component parameters (AddParameter): Name = "DIGIKEY"; Value = "732-7487-2-ND"; VariantName = "[No Variations]"
Change component parameters (AddParameter): Name = "MANUF"; Value = "WE"; VariantName = "[No Variations]"
Change component parameters (AddParameter): Name = "MANUFCODE"; Value = "885012105010"; VariantName = "[No Variations]"
Change component parameters (AddParameter): Name = "NoPins"; Value = "2"; VariantName = "[No Variations]"
Change component parameters (AddParameter): Name = "SCH"; Value = "0402 100 nF 10V X5R"; VariantName = "[No Variations]"
Change component parameters (AddParameter): Name = "SMD"; Value = "YES"; VariantName = "[No Variations]"
Change component parameters (AddParameter): Name = "SUPPLY"; Value = "SUB"; VariantName = "[No Variations]"
Change component parameters (AddParameter): Name = "TECH"; Value = "X5R"; VariantName = "[No Variations]"
Change component parameters (AddParameter): Name = "VALUE"; Value = "100 nF"; VariantName = "[No Variations]"
Change component parameters (AddParameter): Name = "VOLTAGE"; Value = "10"; VariantName = "[No Variations]"
Change component parameters: Designator = "C23" ("C23"); Footprint = "CAPC0402N"; UniqueID = "\BXFHGBBG" ("\BXFHGBBG")
Change component parameters (AddParameter): Name = "COMPATIBLES"; Value = "True"; VariantName = "[No Variations]"
Change component parameters (AddParameter): Name = "DESCIPTION"; Value = "CAP SMD 0402 100 nF 10V X5R"; VariantName = "[No Variations]"
Change component parameters (AddParameter): Name = "DIGIKEY"; Value = "732-7487-2-ND"; VariantName = "[No Variations]"
Change component parameters (AddParameter): Name = "MANUF"; Value = "WE"; VariantName = "[No Variations]"
Change component parameters (AddParameter): Name = "MANUFCODE"; Value = "885012105010"; VariantName = "[No Variations]"
Change component parameters (AddParameter): Name = "NoPins"; Value = "2"; VariantName = "[No Variations]"
Change component parameters (AddParameter): Name = "SCH"; Value = "0402 100 nF 10V X5R"; VariantName = "[No Variations]"
Change component parameters (AddParameter): Name = "SMD"; Value = "YES"; VariantName = "[No Variations]"
Change component parameters (AddParameter): Name = "SUPPLY"; Value = "SUB"; VariantName = "[No Variations]"
Change component parameters (AddParameter): Name = "TECH"; Value = "X5R"; VariantName = "[No Variations]"
Change component parameters (AddParameter): Name = "VALUE"; Value = "100 nF"; VariantName = "[No Variations]"
Change component parameters (AddParameter): Name = "VOLTAGE"; Value = "10"; VariantName = "[No Variations]"
Change component parameters: Designator = "C24" ("C24"); Footprint = "CAPC0402N"; UniqueID = "\GLHJGYGM" ("\GLHJGYGM")
Change component parameters (AddParameter): Name = "COMPATIBLES"; Value = "True"; VariantName = "[No Variations]"
Change component parameters (AddParameter): Name = "DESCIPTION"; Value = "CAP SMD 0402 100 nF 10V X5R"; VariantName = "[No Variations]"
Change component parameters (AddParameter): Name = "DIGIKEY"; Value = "732-7487-2-ND"; VariantName = "[No Variations]"
Change component parameters (AddParameter): Name = "MANUF"; Value = "WE"; VariantName = "[No Variations]"
Change component parameters (AddParameter): Name = "MANUFCODE"; Value = "885012105010"; VariantName = "[No Variations]"
Change component parameters (AddParameter): Name = "NoPins"; Value = "2"; VariantName = "[No Variations]"
Change component parameters (AddParameter): Name = "SCH"; Value = "0402 100 nF 10V X5R"; VariantName = "[No Variations]"
Change component parameters (AddParameter): Name = "SMD"; Value = "YES"; VariantName = "[No Variations]"
Change component parameters (AddParameter): Name = "SUPPLY"; Value = "SUB"; VariantName = "[No Variations]"
Change component parameters (AddParameter): Name = "TECH"; Value = "X5R"; VariantName = "[No Variations]"
Change component parameters (AddParameter): Name = "VALUE"; Value = "100 nF"; VariantName = "[No Variations]"
Change component parameters (AddParameter): Name = "VOLTAGE"; Value = "10"; VariantName = "[No Variations]"
Change component parameters: Designator = "C25" ("C25"); Footprint = "CAPC0402N"; UniqueID = "\TXLTIOWM" ("\TXLTIOWM")
Change component parameters (AddParameter): Name = "COMPATIBLES"; Value = "True"; VariantName = "[No Variations]"
Change component parameters (AddParameter): Name = "DESCIPTION"; Value = "CAP SMD 0402 100 nF 10V X5R"; VariantName = "[No Variations]"
Change component parameters (AddParameter): Name = "DIGIKEY"; Value = "732-7487-2-ND"; VariantName = "[No Variations]"
Change component parameters (AddParameter): Name = "MANUF"; Value = "WE"; VariantName = "[No Variations]"
Change component parameters (AddParameter): Name = "MANUFCODE"; Value = "885012105010"; VariantName = "[No Variations]"
Change component parameters (AddParameter): Name = "NoPins"; Value = "2"; VariantName = "[No Variations]"
Change component parameters (AddParameter): Name = "SCH"; Value = "0402 100 nF 10V X5R"; VariantName = "[No Variations]"
Change component parameters (AddParameter): Name = "SMD"; Value = "YES"; VariantName = "[No Variations]"
Change component parameters (AddParameter): Name = "SUPPLY"; Value = "SUB"; VariantName = "[No Variations]"
Change component parameters (AddParameter): Name = "TECH"; Value = "X5R"; VariantName = "[No Variations]"
Change component parameters (AddParameter): Name = "VALUE"; Value = "100 nF"; VariantName = "[No Variations]"
Change component parameters (AddParameter): Name = "VOLTAGE"; Value = "10"; VariantName = "[No Variations]"
Change component parameters: Designator = "C26" ("C26"); Footprint = "CAPC0402N"; UniqueID = "\VVYSDLZU" ("\VVYSDLZU")
Change component parameters (AddParameter): Name = "COMPATIBLES"; Value = "True"; VariantName = "[No Variations]"
Change component parameters (AddParameter): Name = "DESCIPTION"; Value = "CAP SMD 0402 100 nF 10V X5R"; VariantName = "[No Variations]"
Change component parameters (AddParameter): Name = "DIGIKEY"; Value = "732-7487-2-ND"; VariantName = "[No Variations]"
Change component parameters (AddParameter): Name = "MANUF"; Value = "WE"; VariantName = "[No Variations]"
Change component parameters (AddParameter): Name = "MANUFCODE"; Value = "885012105010"; VariantName = "[No Variations]"
Change component parameters (AddParameter): Name = "NoPins"; Value = "2"; VariantName = "[No Variations]"
Change component parameters (AddParameter): Name = "SCH"; Value = "0402 100 nF 10V X5R"; VariantName = "[No Variations]"
Change component parameters (AddParameter): Name = "SMD"; Value = "YES"; VariantName = "[No Variations]"
Change component parameters (AddParameter): Name = "SUPPLY"; Value = "SUB"; VariantName = "[No Variations]"
Change component parameters (AddParameter): Name = "TECH"; Value = "X5R"; VariantName = "[No Variations]"
Change component parameters (AddParameter): Name = "VALUE"; Value = "100 nF"; VariantName = "[No Variations]"
Change component parameters (AddParameter): Name = "VOLTAGE"; Value = "10"; VariantName = "[No Variations]"
Change component parameters: Designator = "C27" ("C27"); Footprint = "CAPC0402N"; UniqueID = "\YTWYUMHD" ("\YTWYUMHD")
Change component parameters (AddParameter): Name = "COMPATIBLES"; Value = "True"; VariantName = "[No Variations]"
Change component parameters (AddParameter): Name = "DESCIPTION"; Value = "CAP SMD 0402 100 nF 10V X5R"; VariantName = "[No Variations]"
Change component parameters (AddParameter): Name = "DIGIKEY"; Value = "732-7487-2-ND"; VariantName = "[No Variations]"
Change component parameters (AddParameter): Name = "MANUF"; Value = "WE"; VariantName = "[No Variations]"
Change component parameters (AddParameter): Name = "MANUFCODE"; Value = "885012105010"; VariantName = "[No Variations]"
Change component parameters (AddParameter): Name = "NoPins"; Value = "2"; VariantName = "[No Variations]"
Change component parameters (AddParameter): Name = "SCH"; Value = "0402 100 nF 10V X5R"; VariantName = "[No Variations]"
Change component parameters (AddParameter): Name = "SMD"; Value = "YES"; VariantName = "[No Variations]"
Change component parameters (AddParameter): Name = "SUPPLY"; Value = "SUB"; VariantName = "[No Variations]"
Change component parameters (AddParameter): Name = "TECH"; Value = "X5R"; VariantName = "[No Variations]"
Change component parameters (AddParameter): Name = "VALUE"; Value = "100 nF"; VariantName = "[No Variations]"
Change component parameters (AddParameter): Name = "VOLTAGE"; Value = "10"; VariantName = "[No Variations]"
Change component parameters: Designator = "C28" ("C28"); Footprint = "CAPC0402N"; UniqueID = "\GFGIXQCM" ("\GFGIXQCM")
Change component parameters (AddParameter): Name = "COMPATIBLES"; Value = "True"; VariantName = "[No Variations]"
Change component parameters (AddParameter): Name = "DESCIPTION"; Value = "CAP SMD 0402 100 nF 10V X5R"; VariantName = "[No Variations]"
Change component parameters (AddParameter): Name = "DIGIKEY"; Value = "732-7487-2-ND"; VariantName = "[No Variations]"
Change component parameters (AddParameter): Name = "MANUF"; Value = "WE"; VariantName = "[No Variations]"
Change component parameters (AddParameter): Name = "MANUFCODE"; Value = "885012105010"; VariantName = "[No Variations]"
Change component parameters (AddParameter): Name = "NoPins"; Value = "2"; VariantName = "[No Variations]"
Change component parameters (AddParameter): Name = "SCH"; Value = "0402 100 nF 10V X5R"; VariantName = "[No Variations]"
Change component parameters (AddParameter): Name = "SMD"; Value = "YES"; VariantName = "[No Variations]"
Change component parameters (AddParameter): Name = "SUPPLY"; Value = "SUB"; VariantName = "[No Variations]"
Change component parameters (AddParameter): Name = "TECH"; Value = "X5R"; VariantName = "[No Variations]"
Change component parameters (AddParameter): Name = "VALUE"; Value = "100 nF"; VariantName = "[No Variations]"
Change component parameters (AddParameter): Name = "VOLTAGE"; Value = "10"; VariantName = "[No Variations]"
Change component parameters: Designator = "C29" ("C29"); Footprint = "CAPC0402N"; UniqueID = "\HBXWJEUQ" ("\HBXWJEUQ")
Change component parameters (AddParameter): Name = "COMPATIBLES"; Value = "True"; VariantName = "[No Variations]"
Change component parameters (AddParameter): Name = "DESCIPTION"; Value = "CAP SMD 0402 100 nF 10V X5R"; VariantName = "[No Variations]"
Change component parameters (AddParameter): Name = "DIGIKEY"; Value = "732-7487-2-ND"; VariantName = "[No Variations]"
Change component parameters (AddParameter): Name = "MANUF"; Value = "WE"; VariantName = "[No Variations]"
Change component parameters (AddParameter): Name = "MANUFCODE"; Value = "885012105010"; VariantName = "[No Variations]"
Change component parameters (AddParameter): Name = "NoPins"; Value = "2"; VariantName = "[No Variations]"
Change component parameters (AddParameter): Name = "SCH"; Value = "0402 100 nF 10V X5R"; VariantName = "[No Variations]"
Change component parameters (AddParameter): Name = "SMD"; Value = "YES"; VariantName = "[No Variations]"
Change component parameters (AddParameter): Name = "SUPPLY"; Value = "SUB"; VariantName = "[No Variations]"
Change component parameters (AddParameter): Name = "TECH"; Value = "X5R"; VariantName = "[No Variations]"
Change component parameters (AddParameter): Name = "VALUE"; Value = "100 nF"; VariantName = "[No Variations]"
Change component parameters (AddParameter): Name = "VOLTAGE"; Value = "10"; VariantName = "[No Variations]"
Change component parameters: Designator = "LED1" ("LED1"); Footprint = "WS2812"; UniqueID = "\GXRETHIB" ("\GXRETHIB")
Change component parameters (AddParameter): Name = "COMPATIBLES"; Value = "False"; VariantName = "[No Variations]"
Change component parameters (AddParameter): Name = "DESCIPTION"; Value = "ADDRESS LED RED/GRN/BLUE"; VariantName = "[No Variations]"
Change component parameters (AddParameter): Name = "DIGIKEY"; Value = "COM-16347"; VariantName = "[No Variations]"
Change component parameters (AddParameter): Name = "MANUF"; Value = "Worldsemi"; VariantName = "[No Variations]"
Change component parameters (AddParameter): Name = "MANUFCODE"; Value = "WS2812B"; VariantName = "[No Variations]"
Change component parameters (AddParameter): Name = "NoPins"; Value = "4"; VariantName = "[No Variations]"
Change component parameters: Designator = "LED2" ("LED2"); Footprint = "WS2812"; UniqueID = "\ENFWZMPH" ("\ENFWZMPH")
Change component parameters (AddParameter): Name = "COMPATIBLES"; Value = "False"; VariantName = "[No Variations]"
Change component parameters (AddParameter): Name = "DESCIPTION"; Value = "ADDRESS LED RED/GRN/BLUE"; VariantName = "[No Variations]"
Change component parameters (AddParameter): Name = "DIGIKEY"; Value = "COM-16347"; VariantName = "[No Variations]"
Change component parameters (AddParameter): Name = "MANUF"; Value = "Worldsemi"; VariantName = "[No Variations]"
Change component parameters (AddParameter): Name = "MANUFCODE"; Value = "WS2812B"; VariantName = "[No Variations]"
Change component parameters (AddParameter): Name = "NoPins"; Value = "4"; VariantName = "[No Variations]"
Change component parameters: Designator = "LED3" ("LED3"); Footprint = "WS2812"; UniqueID = "\BRSMTWVZ" ("\BRSMTWVZ")
Change component parameters (AddParameter): Name = "COMPATIBLES"; Value = "False"; VariantName = "[No Variations]"
Change component parameters (AddParameter): Name = "DESCIPTION"; Value = "ADDRESS LED RED/GRN/BLUE"; VariantName = "[No Variations]"
Change component parameters (AddParameter): Name = "DIGIKEY"; Value = "COM-16347"; VariantName = "[No Variations]"
Change component parameters (AddParameter): Name = "MANUF"; Value = "Worldsemi"; VariantName = "[No Variations]"
Change component parameters (AddParameter): Name = "MANUFCODE"; Value = "WS2812B"; VariantName = "[No Variations]"
Change component parameters (AddParameter): Name = "NoPins"; Value = "4"; VariantName = "[No Variations]"
Change component parameters: Designator = "LED4" ("LED4"); Footprint = "WS2812"; UniqueID = "\PNOZCDQH" ("\PNOZCDQH")
Change component parameters (AddParameter): Name = "COMPATIBLES"; Value = "False"; VariantName = "[No Variations]"
Change component parameters (AddParameter): Name = "DESCIPTION"; Value = "ADDRESS LED RED/GRN/BLUE"; VariantName = "[No Variations]"
Change component parameters (AddParameter): Name = "DIGIKEY"; Value = "COM-16347"; VariantName = "[No Variations]"
Change component parameters (AddParameter): Name = "MANUF"; Value = "Worldsemi"; VariantName = "[No Variations]"
Change component parameters (AddParameter): Name = "MANUFCODE"; Value = "WS2812B"; VariantName = "[No Variations]"
Change component parameters (AddParameter): Name = "NoPins"; Value = "4"; VariantName = "[No Variations]"
Change component parameters: Designator = "LED5" ("LED5"); Footprint = "WS2812"; UniqueID = "\RHAOLFNK" ("\RHAOLFNK")
Change component parameters (AddParameter): Name = "COMPATIBLES"; Value = "False"; VariantName = "[No Variations]"
Change component parameters (AddParameter): Name = "DESCIPTION"; Value = "ADDRESS LED RED/GRN/BLUE"; VariantName = "[No Variations]"
Change component parameters (AddParameter): Name = "DIGIKEY"; Value = "COM-16347"; VariantName = "[No Variations]"
Change component parameters (AddParameter): Name = "MANUF"; Value = "Worldsemi"; VariantName = "[No Variations]"
Change component parameters (AddParameter): Name = "MANUFCODE"; Value = "WS2812B"; VariantName = "[No Variations]"
Change component parameters (AddParameter): Name = "NoPins"; Value = "4"; VariantName = "[No Variations]"
Change component parameters: Designator = "LED6" ("LED6"); Footprint = "WS2812"; UniqueID = "\BMODNGKN" ("\BMODNGKN")
Change component parameters (AddParameter): Name = "COMPATIBLES"; Value = "False"; VariantName = "[No Variations]"
Change component parameters (AddParameter): Name = "DESCIPTION"; Value = "ADDRESS LED RED/GRN/BLUE"; VariantName = "[No Variations]"
Change component parameters (AddParameter): Name = "DIGIKEY"; Value = "COM-16347"; VariantName = "[No Variations]"
Change component parameters (AddParameter): Name = "MANUF"; Value = "Worldsemi"; VariantName = "[No Variations]"
Change component parameters (AddParameter): Name = "MANUFCODE"; Value = "WS2812B"; VariantName = "[No Variations]"
Change component parameters (AddParameter): Name = "NoPins"; Value = "4"; VariantName = "[No Variations]"
Change component parameters: Designator = "LED7" ("LED7"); Footprint = "WS2812"; UniqueID = "\WOQNJEMQ" ("\WOQNJEMQ")
Change component parameters (AddParameter): Name = "COMPATIBLES"; Value = "False"; VariantName = "[No Variations]"
Change component parameters (AddParameter): Name = "DESCIPTION"; Value = "ADDRESS LED RED/GRN/BLUE"; VariantName = "[No Variations]"
Change component parameters (AddParameter): Name = "DIGIKEY"; Value = "COM-16347"; VariantName = "[No Variations]"
Change component parameters (AddParameter): Name = "MANUF"; Value = "Worldsemi"; VariantName = "[No Variations]"
Change component parameters (AddParameter): Name = "MANUFCODE"; Value = "WS2812B"; VariantName = "[No Variations]"
Change component parameters (AddParameter): Name = "NoPins"; Value = "4"; VariantName = "[No Variations]"
Change component parameters: Designator = "LED8" ("LED8"); Footprint = "WS2812"; UniqueID = "\HCTMPTYK" ("\HCTMPTYK")
Change component parameters (AddParameter): Name = "COMPATIBLES"; Value = "False"; VariantName = "[No Variations]"
Change component parameters (AddParameter): Name = "DESCIPTION"; Value = "ADDRESS LED RED/GRN/BLUE"; VariantName = "[No Variations]"
Change component parameters (AddParameter): Name = "DIGIKEY"; Value = "COM-16347"; VariantName = "[No Variations]"
Change component parameters (AddParameter): Name = "MANUF"; Value = "Worldsemi"; VariantName = "[No Variations]"
Change component parameters (AddParameter): Name = "MANUFCODE"; Value = "WS2812B"; VariantName = "[No Variations]"
Change component parameters (AddParameter): Name = "NoPins"; Value = "4"; VariantName = "[No Variations]"
Change component parameters: Designator = "LED9" ("LED9"); Footprint = "WS2812"; UniqueID = "\WFEIOYNT" ("\WFEIOYNT")
Change component parameters (AddParameter): Name = "COMPATIBLES"; Value = "False"; VariantName = "[No Variations]"
Change component parameters (AddParameter): Name = "DESCIPTION"; Value = "ADDRESS LED RED/GRN/BLUE"; VariantName = "[No Variations]"
Change component parameters (AddParameter): Name = "DIGIKEY"; Value = "COM-16347"; VariantName = "[No Variations]"
Change component parameters (AddParameter): Name = "MANUF"; Value = "Worldsemi"; VariantName = "[No Variations]"
Change component parameters (AddParameter): Name = "MANUFCODE"; Value = "WS2812B"; VariantName = "[No Variations]"
Change component parameters (AddParameter): Name = "NoPins"; Value = "4"; VariantName = "[No Variations]"
Change component parameters: Designator = "LED10" ("LED10"); Footprint = "WS2812"; UniqueID = "\KOSYXVCC" ("\KOSYXVCC")
Change component parameters (AddParameter): Name = "COMPATIBLES"; Value = "False"; VariantName = "[No Variations]"
Change component parameters (AddParameter): Name = "DESCIPTION"; Value = "ADDRESS LED RED/GRN/BLUE"; VariantName = "[No Variations]"
Change component parameters (AddParameter): Name = "DIGIKEY"; Value = "COM-16347"; VariantName = "[No Variations]"
Change component parameters (AddParameter): Name = "MANUF"; Value = "Worldsemi"; VariantName = "[No Variations]"
Change component parameters (AddParameter): Name = "MANUFCODE"; Value = "WS2812B"; VariantName = "[No Variations]"
Change component parameters (AddParameter): Name = "NoPins"; Value = "4"; VariantName = "[No Variations]"
Change component parameters: Designator = "LED11" ("LED11"); Footprint = "WS2812"; UniqueID = "\BQKEZXDK" ("\BQKEZXDK")
Change component parameters (AddParameter): Name = "COMPATIBLES"; Value = "False"; VariantName = "[No Variations]"
Change component parameters (AddParameter): Name = "DESCIPTION"; Value = "ADDRESS LED RED/GRN/BLUE"; VariantName = "[No Variations]"
Change component parameters (AddParameter): Name = "DIGIKEY"; Value = "COM-16347"; VariantName = "[No Variations]"
Change component parameters (AddParameter): Name = "MANUF"; Value = "Worldsemi"; VariantName = "[No Variations]"
Change component parameters (AddParameter): Name = "MANUFCODE"; Value = "WS2812B"; VariantName = "[No Variations]"
Change component parameters (AddParameter): Name = "NoPins"; Value = "4"; VariantName = "[No Variations]"
Change component parameters: Designator = "LED12" ("LED12"); Footprint = "WS2812"; UniqueID = "\JWTJIDRG" ("\JWTJIDRG")
Change component parameters (AddParameter): Name = "COMPATIBLES"; Value = "False"; VariantName = "[No Variations]"
Change component parameters (AddParameter): Name = "DESCIPTION"; Value = "ADDRESS LED RED/GRN/BLUE"; VariantName = "[No Variations]"
Change component parameters (AddParameter): Name = "DIGIKEY"; Value = "COM-16347"; VariantName = "[No Variations]"
Change component parameters (AddParameter): Name = "MANUF"; Value = "Worldsemi"; VariantName = "[No Variations]"
Change component parameters (AddParameter): Name = "MANUFCODE"; Value = "WS2812B"; VariantName = "[No Variations]"
Change component parameters (AddParameter): Name = "NoPins"; Value = "4"; VariantName = "[No Variations]"
Change component parameters: Designator = "LED13" ("LED13"); Footprint = "WS2812"; UniqueID = "\TEWMBHBY" ("\TEWMBHBY")
Change component parameters (AddParameter): Name = "COMPATIBLES"; Value = "False"; VariantName = "[No Variations]"
Change component parameters (AddParameter): Name = "DESCIPTION"; Value = "ADDRESS LED RED/GRN/BLUE"; VariantName = "[No Variations]"
Change component parameters (AddParameter): Name = "DIGIKEY"; Value = "COM-16347"; VariantName = "[No Variations]"
Change component parameters (AddParameter): Name = "MANUF"; Value = "Worldsemi"; VariantName = "[No Variations]"
Change component parameters (AddParameter): Name = "MANUFCODE"; Value = "WS2812B"; VariantName = "[No Variations]"
Change component parameters (AddParameter): Name = "NoPins"; Value = "4"; VariantName = "[No Variations]"
Change component parameters: Designator = "LED14" ("LED14"); Footprint = "WS2812"; UniqueID = "\IMAYPSER" ("\IMAYPSER")
Change component parameters (AddParameter): Name = "COMPATIBLES"; Value = "False"; VariantName = "[No Variations]"
Change component parameters (AddParameter): Name = "DESCIPTION"; Value = "ADDRESS LED RED/GRN/BLUE"; VariantName = "[No Variations]"
Change component parameters (AddParameter): Name = "DIGIKEY"; Value = "COM-16347"; VariantName = "[No Variations]"
Change component parameters (AddParameter): Name = "MANUF"; Value = "Worldsemi"; VariantName = "[No Variations]"
Change component parameters (AddParameter): Name = "MANUFCODE"; Value = "WS2812B"; VariantName = "[No Variations]"
Change component parameters (AddParameter): Name = "NoPins"; Value = "4"; VariantName = "[No Variations]"
Change component parameters: Designator = "LED15" ("LED15"); Footprint = "WS2812"; UniqueID = "\LVNBSJLB" ("\LVNBSJLB")
Change component parameters (AddParameter): Name = "COMPATIBLES"; Value = "False"; VariantName = "[No Variations]"
Change component parameters (AddParameter): Name = "DESCIPTION"; Value = "ADDRESS LED RED/GRN/BLUE"; VariantName = "[No Variations]"
Change component parameters (AddParameter): Name = "DIGIKEY"; Value = "COM-16347"; VariantName = "[No Variations]"
Change component parameters (AddParameter): Name = "MANUF"; Value = "Worldsemi"; VariantName = "[No Variations]"
Change component parameters (AddParameter): Name = "MANUFCODE"; Value = "WS2812B"; VariantName = "[No Variations]"
Change component parameters (AddParameter): Name = "NoPins"; Value = "4"; VariantName = "[No Variations]"
Change component parameters: Designator = "LED16" ("LED16"); Footprint = "WS2812"; UniqueID = "\ATIROXFO" ("\ATIROXFO")
Change component parameters (AddParameter): Name = "COMPATIBLES"; Value = "False"; VariantName = "[No Variations]"
Change component parameters (AddParameter): Name = "DESCIPTION"; Value = "ADDRESS LED RED/GRN/BLUE"; VariantName = "[No Variations]"
Change component parameters (AddParameter): Name = "DIGIKEY"; Value = "COM-16347"; VariantName = "[No Variations]"
Change component parameters (AddParameter): Name = "MANUF"; Value = "Worldsemi"; VariantName = "[No Variations]"
Change component parameters (AddParameter): Name = "MANUFCODE"; Value = "WS2812B"; VariantName = "[No Variations]"
Change component parameters (AddParameter): Name = "NoPins"; Value = "4"; VariantName = "[No Variations]"
Change component parameters: Designator = "LED17" ("LED17"); Footprint = "WS2812"; UniqueID = "\KQIYCIFH" ("\KQIYCIFH")
Change component parameters (AddParameter): Name = "COMPATIBLES"; Value = "False"; VariantName = "[No Variations]"
Change component parameters (AddParameter): Name = "DESCIPTION"; Value = "ADDRESS LED RED/GRN/BLUE"; VariantName = "[No Variations]"
Change component parameters (AddParameter): Name = "DIGIKEY"; Value = "COM-16347"; VariantName = "[No Variations]"
Change component parameters (AddParameter): Name = "MANUF"; Value = "Worldsemi"; VariantName = "[No Variations]"
Change component parameters (AddParameter): Name = "MANUFCODE"; Value = "WS2812B"; VariantName = "[No Variations]"
Change component parameters (AddParameter): Name = "NoPins"; Value = "4"; VariantName = "[No Variations]"
Change component parameters: Designator = "LED18" ("LED18"); Footprint = "WS2812"; UniqueID = "\CFNFLZXC" ("\CFNFLZXC")
Change component parameters (AddParameter): Name = "COMPATIBLES"; Value = "False"; VariantName = "[No Variations]"
Change component parameters (AddParameter): Name = "DESCIPTION"; Value = "ADDRESS LED RED/GRN/BLUE"; VariantName = "[No Variations]"
Change component parameters (AddParameter): Name = "DIGIKEY"; Value = "COM-16347"; VariantName = "[No Variations]"
Change component parameters (AddParameter): Name = "MANUF"; Value = "Worldsemi"; VariantName = "[No Variations]"
Change component parameters (AddParameter): Name = "MANUFCODE"; Value = "WS2812B"; VariantName = "[No Variations]"
Change component parameters (AddParameter): Name = "NoPins"; Value = "4"; VariantName = "[No Variations]"
Change component parameters: Designator = "P1" ("P1"); Footprint = "61200621621"; UniqueID = "\ZRUFSKEC" ("\ZRUFSKEC")
Change component parameters (AddParameter): Name = "COMPATIBLES"; Value = "True"; VariantName = "[No Variations]"
Change component parameters (AddParameter): Name = "ComponentLink1Description"; Value = "Manufacturer"; VariantName = "[No Variations]"
Change component parameters (AddParameter): Name = "ComponentLink1URL"; Value = "http://www.we-online.de"; VariantName = "[No Variations]"
Change component parameters (AddParameter): Name = "ComponentLink2Description"; Value = "Datasheet"; VariantName = "[No Variations]"
Change component parameters (AddParameter): Name = "ComponentLink2URL"; Value = "https://katalog.we-online.de/em/datasheet/6120xx21621.pdf"; VariantName = "[No Variations]"
Change component parameters (AddParameter): Name = "Contact Resistance"; Value = "20 mOhm"; VariantName = "[No Variations]"
Change component parameters (AddParameter): Name = "Gender"; Value = "Male"; VariantName = "[No Variations]"
Change component parameters (AddParameter): Name = "Mounting Technology"; Value = "THT"; VariantName = "[No Variations]"
Change component parameters (AddParameter): Name = "Operating Temperature"; Value = "-40 to 125 degC"; VariantName = "[No Variations]"
Change component parameters (AddParameter): Name = "Orientation"; Value = "Vertical"; VariantName = "[No Variations]"
Change component parameters (AddParameter): Name = "Packaging"; Value = "Tray"; VariantName = "[No Variations]"
Change component parameters (AddParameter): Name = "Part Number"; Value = "61200621621"; VariantName = "[No Variations]"
Change component parameters (AddParameter): Name = "Pin Number"; Value = "6"; VariantName = "[No Variations]"
Change component parameters (AddParameter): Name = "Pitch"; Value = "2.54 mm"; VariantName = "[No Variations]"
Change component parameters (AddParameter): Name = "Published Date"; Value = "August 2018"; VariantName = "[No Variations]"
Change component parameters (AddParameter): Name = "Publisher"; Value = "Wurth Elektronik"; VariantName = "[No Variations]"
Change component parameters (AddParameter): Name = "Withstanding Voltage"; Value = "500 VAC"; VariantName = "[No Variations]"
Change component parameters (AddParameter): Name = "Working Voltage"; Value = "250 VAC"; VariantName = "[No Variations]"
Change component parameters: Designator = "R1" ("R1"); Footprint = "RESC0603N"; UniqueID = "\NKQRPLZM" ("\NKQRPLZM")
Change component parameters (AddParameter): Name = "COMPATIBLES"; Value = "True"; VariantName = "[No Variations]"
Change component parameters (AddParameter): Name = "DESCIPTION"; Value = "RES SMD 22 OHM 1% 1/10W 100PPM 0603"; VariantName = "[No Variations]"
Change component parameters (AddParameter): Name = "DESCR"; Value = "RES SMD 22 OHM 1% 1/10W 100PPM 0603"; VariantName = "[No Variations]"
Change component parameters (AddParameter): Name = "DIGIKEY"; Value = "541-22.0HCT-ND"; VariantName = "[No Variations]"
Change component parameters (AddParameter): Name = "FARNELL"; Value = "#N/A"; VariantName = "[No Variations]"
Change component parameters (AddParameter): Name = "MANUF"; Value = "VISHAY"; VariantName = "[No Variations]"
Change component parameters (AddParameter): Name = "MANUFCODE"; Value = "CRCW060322R0FKEA"; VariantName = "[No Variations]"
Change component parameters (AddParameter): Name = "NoPins"; Value = "2"; VariantName = "[No Variations]"
Change component parameters (AddParameter): Name = "SCH"; Value = "RES 22R 0603"; VariantName = "[No Variations]"
Change component parameters (AddParameter): Name = "SMD"; Value = "YES"; VariantName = "[No Variations]"
Change component parameters (AddParameter): Name = "SUPPLY"; Value = "SUB"; VariantName = "[No Variations]"
Change component parameters (AddParameter): Name = "VALUE"; Value = "22R"; VariantName = "[No Variations]"
Change component parameters: Designator = "R2" ("R2"); Footprint = "RESC0603N"; UniqueID = "\YQGYODYH" ("\YQGYODYH")
Change component parameters (AddParameter): Name = "COMPATIBLES"; Value = "True"; VariantName = "[No Variations]"
Change component parameters (AddParameter): Name = "DESCIPTION"; Value = "RES SMD 22 OHM 1% 1/10W 100PPM 0603"; VariantName = "[No Variations]"
Change component parameters (AddParameter): Name = "DESCR"; Value = "RES SMD 22 OHM 1% 1/10W 100PPM 0603"; VariantName = "[No Variations]"
Change component parameters (AddParameter): Name = "DIGIKEY"; Value = "541-22.0HCT-ND"; VariantName = "[No Variations]"
Change component parameters (AddParameter): Name = "FARNELL"; Value = "#N/A"; VariantName = "[No Variations]"
Change component parameters (AddParameter): Name = "MANUF"; Value = "VISHAY"; VariantName = "[No Variations]"
Change component parameters (AddParameter): Name = "MANUFCODE"; Value = "CRCW060322R0FKEA"; VariantName = "[No Variations]"
Change component parameters (AddParameter): Name = "NoPins"; Value = "2"; VariantName = "[No Variations]"
Change component parameters (AddParameter): Name = "SCH"; Value = "RES 22R 0603"; VariantName = "[No Variations]"
Change component parameters (AddParameter): Name = "SMD"; Value = "YES"; VariantName = "[No Variations]"
Change component parameters (AddParameter): Name = "SUPPLY"; Value = "SUB"; VariantName = "[No Variations]"
Change component parameters (AddParameter): Name = "VALUE"; Value = "22R"; VariantName = "[No Variations]"
Change component parameters: Designator = "R3" ("R3"); Footprint = "RESC0402N"; UniqueID = "\FYXRBDBZ" ("\FYXRBDBZ")
Change component parameters (AddParameter): Name = "COMPATIBLES"; Value = "True"; VariantName = "[No Variations]"
Change component parameters (AddParameter): Name = "DESCIPTION"; Value = "RES SMD 4.7K OHM 1% 1/16W 100PPM 0402"; VariantName = "[No Variations]"
Change component parameters (AddParameter): Name = "DESCR"; Value = "RES SMD 4.7K OHM 1% 1/16W 100PPM 0402"; VariantName = "[No Variations]"
Change component parameters (AddParameter): Name = "DIGIKEY"; Value = "541-4.70KLCT-ND"; VariantName = "[No Variations]"
Change component parameters (AddParameter): Name = "FARNELL"; Value = "TBD"; VariantName = "[No Variations]"
Change component parameters (AddParameter): Name = "MANUF"; Value = "VISHAY"; VariantName = "[No Variations]"
Change component parameters (AddParameter): Name = "MANUFCODE"; Value = "CRCW04024K70FKED"; VariantName = "[No Variations]"
Change component parameters (AddParameter): Name = "NoPins"; Value = "2"; VariantName = "[No Variations]"
Change component parameters (AddParameter): Name = "SCH"; Value = "RES 4.7K 0402"; VariantName = "[No Variations]"
Change component parameters (AddParameter): Name = "SMD"; Value = "YES"; VariantName = "[No Variations]"
Change component parameters (AddParameter): Name = "SUPPLY"; Value = "SUB"; VariantName = "[No Variations]"
Change component parameters (AddParameter): Name = "VALUE"; Value = "4.7K"; VariantName = "[No Variations]"
Change component parameters: Designator = "R4" ("R4"); Footprint = "RESC0402N"; UniqueID = "\NYIXNZCA" ("\NYIXNZCA")
Change component parameters (AddParameter): Name = "COMPATIBLES"; Value = "True"; VariantName = "[No Variations]"
Change component parameters (AddParameter): Name = "DESCIPTION"; Value = "RES SMD 4.7K OHM 1% 1/16W 100PPM 0402"; VariantName = "[No Variations]"
Change component parameters (AddParameter): Name = "DESCR"; Value = "RES SMD 4.7K OHM 1% 1/16W 100PPM 0402"; VariantName = "[No Variations]"
Change component parameters (AddParameter): Name = "DIGIKEY"; Value = "541-4.70KLCT-ND"; VariantName = "[No Variations]"
Change component parameters (AddParameter): Name = "FARNELL"; Value = "TBD"; VariantName = "[No Variations]"
Change component parameters (AddParameter): Name = "MANUF"; Value = "VISHAY"; VariantName = "[No Variations]"
Change component parameters (AddParameter): Name = "MANUFCODE"; Value = "CRCW04024K70FKED"; VariantName = "[No Variations]"
Change component parameters (AddParameter): Name = "NoPins"; Value = "2"; VariantName = "[No Variations]"
Change component parameters (AddParameter): Name = "SCH"; Value = "RES 4.7K 0402"; VariantName = "[No Variations]"
Change component parameters (AddParameter): Name = "SMD"; Value = "YES"; VariantName = "[No Variations]"
Change component parameters (AddParameter): Name = "SUPPLY"; Value = "SUB"; VariantName = "[No Variations]"
Change component parameters (AddParameter): Name = "VALUE"; Value = "4.7K"; VariantName = "[No Variations]"
Change component parameters: Designator = "S72" ("S72"); Footprint = "434153017835"; UniqueID = "\WFDIKGXL" ("\WFDIKGXL")
Change component parameters (AddParameter): Name = "COMPATIBLES"; Value = "True"; VariantName = "[No Variations]"
Change component parameters (AddParameter): Name = "ComponentLink1Description"; Value = "Manufacturer"; VariantName = "[No Variations]"
Change component parameters (AddParameter): Name = "ComponentLink1URL"; Value = "http://www.we-online.de"; VariantName = "[No Variations]"
Change component parameters (AddParameter): Name = "ComponentLink2Description"; Value = "Datasheet"; VariantName = "[No Variations]"
Change component parameters (AddParameter): Name = "ComponentLink2URL"; Value = "https://www.we-online.com/catalog/datasheet/434153017835.pdf"; VariantName = "[No Variations]"
Change component parameters (AddParameter): Name = "Contact Material"; Value = "Stainless Steel"; VariantName = "[No Variations]"
Change component parameters (AddParameter): Name = "Contact Plating"; Value = "Silver"; VariantName = "[No Variations]"
Change component parameters (AddParameter): Name = "DESCIPTION"; Value = "SWITCH TACTILE SPST-NO 0.05A 12V"; VariantName = "[No Variations]"
Change component parameters (AddParameter): Name = "DIGIKEY"; Value = "732-10143-1-ND"; VariantName = "[No Variations]"
Change component parameters (AddParameter): Name = "MANUF"; Value = "WE"; VariantName = "[No Variations]"
Change component parameters (AddParameter): Name = "Manufacturer"; Value = "Wurth Elektronik"; VariantName = "[No Variations]"
Change component parameters (AddParameter): Name = "Manufacturer Part Number"; Value = "434153017835"; VariantName = "[No Variations]"
Change component parameters (AddParameter): Name = "MANUFCODE"; Value = "434153017835"; VariantName = "[No Variations]"
Change component parameters (AddParameter): Name = "Mounting Technology"; Value = "SMT"; VariantName = "[No Variations]"
Change component parameters (AddParameter): Name = "Operating Temperature"; Value = "-40 to +85degC"; VariantName = "[No Variations]"
Change component parameters (AddParameter): Name = "Operation Force"; Value = "350gf"; VariantName = "[No Variations]"
Change component parameters (AddParameter): Name = "Packaging"; Value = "Tape and Reel"; VariantName = "[No Variations]"
Change component parameters (AddParameter): Name = "Published Date"; Value = "November 2020"; VariantName = "[No Variations]"
Change component parameters (AddParameter): Name = "Rated Current"; Value = "50mA"; VariantName = "[No Variations]"
Change component parameters (AddParameter): Name = "Rated Voltage"; Value = "12VDC"; VariantName = "[No Variations]"
Change component parameters (AddParameter): Name = "Size"; Value = "3.5x2.9x1.7mm"; VariantName = "[No Variations]"
Change component parameters (AddParameter): Name = "Terminal Material"; Value = "Copper Alloy"; VariantName = "[No Variations]"
Change component parameters (AddParameter): Name = "Terminal Plating"; Value = "Silver"; VariantName = "[No Variations]"
Change component parameters (AddParameter): Name = "Washable"; Value = "No"; VariantName = "[No Variations]"
Change component parameters: Designator = "U1" ("U1"); Footprint = "44PW_M"; UniqueID = "\AJICUBEE" ("\AJICUBEE")
Change component parameters (AddParameter): Name = "Code_JEDEC"; Value = "MO-220-VKKD-1"; VariantName = "[No Variations]"
Change component parameters (AddParameter): Name = "COMPATIBLES"; Value = "False"; VariantName = "[No Variations]"
Change component parameters (AddParameter): Name = "ComponentLink1Description"; Value = "Manufacturer URL"; VariantName = "[No Variations]"
Change component parameters (AddParameter): Name = "ComponentLink1URL"; Value = "http://www.atmel.com/"; VariantName = "[No Variations]"
Change component parameters (AddParameter): Name = "ComponentLink2Description"; Value = "ATmega16U4/32U4 Datasheet"; VariantName = "[No Variations]"
Change component parameters (AddParameter): Name = "ComponentLink2URL"; Value = "http://www.atmel.com/dyn/resources/prod_documents/doc7766.pdf"; VariantName = "[No Variations]"
Change component parameters (AddParameter): Name = "ComponentLink3Description"; Value = "ATmega16U4 ATmega32U4 Summary"; VariantName = "[No Variations]"
Change component parameters (AddParameter): Name = "ComponentLink3URL"; Value = "http://www.atmel.com/dyn/resources/prod_documents/7766S.pdf"; VariantName = "[No Variations]"
Change component parameters (AddParameter): Name = "DatasheetVersion"; Value = "revF, Nov-2010"; VariantName = "[No Variations]"
Change component parameters (AddParameter): Name = "DESCIPTION"; Value = "IC MCU 8BIT 32KB FLASH 44VQFN"; VariantName = "[No Variations]"
Change component parameters (AddParameter): Name = "DIGIKEY"; Value = "ATMEGA32U4-MU-ND"; VariantName = "[No Variations]"
Change component parameters (AddParameter): Name = "MANUF"; Value = "Microchip"; VariantName = "[No Variations]"
Change component parameters (AddParameter): Name = "MANUFCODE"; Value = "ATMEGA32U4-MU-ND"; VariantName = "[No Variations]"
Change component parameters (AddParameter): Name = "NoPins"; Value = "44"; VariantName = "[No Variations]"
Change component parameters (AddParameter): Name = "PackageDescription"; Value = "44-Pin Quad Flat No-Lead Package, 7 x 7 mm Body, 0.5 mm Pitch (QFN)"; VariantName = "[No Variations]"
Change component parameters (AddParameter): Name = "PackageReference"; Value = "44PW"; VariantName = "[No Variations]"
Change component parameters (AddParameter): Name = "PackageVersion"; Value = "revG, Sep-2009"; VariantName = "[No Variations]"
Change component parameters (AddParameter): Name = "RevisionNote"; Value = "DatasheetVersion, PackageVersion & PCB updated. URLs added."; VariantName = "[No Variations]"
Change component parameters: Designator = "Y1" ("Y1"); Footprint = "WE-XTAL_CFPX-180"; UniqueID = "\OZQUOKXC" ("\OZQUOKXC")
Change component parameters (AddParameter): Name = "COMPATIBLES"; Value = "True"; VariantName = "[No Variations]"
Change component parameters (AddParameter): Name = "ComponentLink1Description"; Value = "Manufacturer"; VariantName = "[No Variations]"
Change component parameters (AddParameter): Name = "ComponentLink1URL"; Value = "http://www.we-online.de"; VariantName = "[No Variations]"
Change component parameters (AddParameter): Name = "ComponentLink2Description"; Value = "Datasheet"; VariantName = "[No Variations]"
Change component parameters (AddParameter): Name = "ComponentLink2URL"; Value = "https://katalog.we-online.com/pbs/datasheet/830055951.pdf"; VariantName = "[No Variations]"
Change component parameters (AddParameter): Name = "DESCIPTION"; Value = "CRYSTAL 16.0000MHZ 18PF SMD"; VariantName = "[No Variations]"
Change component parameters (AddParameter): Name = "DIGIKEY"; Value = "1923-1308-1-ND"; VariantName = "[No Variations]"
Change component parameters (AddParameter): Name = "Frequency"; Value = "16MHz"; VariantName = "[No Variations]"
Change component parameters (AddParameter): Name = "Frequency Stability"; Value = "+/-30ppm"; VariantName = "[No Variations]"
Change component parameters (AddParameter): Name = "Frequency Tolerance"; Value = "+/-20ppm"; VariantName = "[No Variations]"
Change component parameters (AddParameter): Name = "Load Capacitance"; Value = "18pF"; VariantName = "[No Variations]"
Change component parameters (AddParameter): Name = "MANUF"; Value = "WE/IQD"; VariantName = "[No Variations]"
Change component parameters (AddParameter): Name = "Manufacturer"; Value = "Wurth Elektronik"; VariantName = "[No Variations]"
Change component parameters (AddParameter): Name = "Manufacturer Part Number"; Value = "830055951"; VariantName = "[No Variations]"
Change component parameters (AddParameter): Name = "MANUFCODE"; Value = "830055951"; VariantName = "[No Variations]"
Change component parameters (AddParameter): Name = "Mounting Technology"; Value = "SMT"; VariantName = "[No Variations]"
Change component parameters (AddParameter): Name = "Operating Temperature"; Value = "-40 to +85degC"; VariantName = "[No Variations]"
Change component parameters (AddParameter): Name = "Packaging"; Value = "Tape and Reel"; VariantName = "[No Variations]"
Change component parameters (AddParameter): Name = "Published Date"; Value = "July 2020"; VariantName = "[No Variations]"
Change component parameters (AddParameter): Name = "Size"; Value = "CFPX-180"; VariantName = "[No Variations]"
Change component parameters: Designator = "J1" ("J1"); Footprint = "513870530"; UniqueID = "\SMXJIFHM" ("\SMXJIFHM")
Change component parameters (AddParameter): Name = "COMPATIBLES"; Value = "False"; VariantName = "[No Variations]"
Change component parameters (AddParameter): Name = "ComponentLink1 Description"; Value = "Manufacturer"; VariantName = "[No Variations]"
Change component parameters (AddParameter): Name = "ComponentLink1URL"; Value = "http://www.we-online.de"; VariantName = "[No Variations]"
Change component parameters (AddParameter): Name = "ComponentLink2 Description"; Value = "Datasheet"; VariantName = "[No Variations]"
Change component parameters (AddParameter): Name = "ComponentLink2URL"; Value = "http://katalog.we-online.de/em/datasheet/65100516121.pdf"; VariantName = "[No Variations]"
Change component parameters (AddParameter): Name = "DESCIPTION"; Value = "USB - mini B USB 2.0 OTG Receptacle Connector 5 Position Surface Mount"; VariantName = "[No Variations]"
Change component parameters (AddParameter): Name = "DIGIKEY"; Value = "WM3756TR-ND"; VariantName = "[No Variations]"
Change component parameters (AddParameter): Name = "MANUF"; Value = "MOLEX"; VariantName = "[No Variations]"
Change component parameters (AddParameter): Name = "MANUFCODE"; Value = "513870530"; VariantName = "[No Variations]"
Change component parameters: Designator = "D72" ("D72"); Footprint = "SOT23-6L"; UniqueID = "\NAWLDXDN" ("\NAWLDXDN")
Change component parameters (AddParameter): Name = "COMPATIBLES"; Value = "False"; VariantName = "[No Variations]"
Change component parameters (AddParameter): Name = "ComponentLink1Description"; Value = "Manufacturer"; VariantName = "[No Variations]"
Change component parameters (AddParameter): Name = "ComponentLink1URL"; Value = "http://www.we-online.de"; VariantName = "[No Variations]"
Change component parameters (AddParameter): Name = "ComponentLink2Description"; Value = "Datasheet"; VariantName = "[No Variations]"
Change component parameters (AddParameter): Name = "ComponentLink2URL"; Value = "http://katalog.we-online.de/pbs/datasheet/82400102.pdf"; VariantName = "[No Variations]"
Change component parameters (AddParameter): Name = "Created by"; Value = "BJ.Chen"; VariantName = "[No Variations]"
Change component parameters (AddParameter): Name = "Created Date"; Value = "Jan 2016"; VariantName = "[No Variations]"
Change component parameters (AddParameter): Name = "DESCIPTION"; Value = "WE-TVS TVS Diode, High Speed Series, SOT23-6L, VDC = 5V"; VariantName = "[No Variations]"
Change component parameters (AddParameter): Name = "DIGIKEY"; Value = "732-4473-1-ND"; VariantName = "[No Variations]"
Change component parameters (AddParameter): Name = "Manufacturer"; Value = "Wurth Elektronik"; VariantName = "[No Variations]"
Change component parameters (AddParameter): Name = "PartNo"; Value = "82400102"; VariantName = "[No Variations]"
Change component parameters (AddParameter): Name = "VDC"; Value = "5V"; VariantName = "[No Variations]"
Added Component: Designator=J?(65100516121)
Add component (AddParameter): Name = "ComponentLink1 Description"; Value = "Manufacturer"; VariantName = "[No Variations]"
Add component (AddParameter): Name = "ComponentLink1URL"; Value = "http://www.we-online.de"; VariantName = "[No Variations]"
Add component (AddParameter): Name = "ComponentLink2 Description"; Value = "Datasheet"; VariantName = "[No Variations]"
Add component (AddParameter): Name = "ComponentLink2URL"; Value = "http://katalog.we-online.de/em/datasheet/65100516121.pdf"; VariantName = "[No Variations]"
Add component (AddParameter): Name = "Created by"; Value = "Karrer Zheng"; VariantName = "[No Variations]"
Add component (AddParameter): Name = "Created Date"; Value = "10/10/2014"; VariantName = "[No Variations]"
Add component (AddParameter): Name = "Manufacturer"; Value = "Würth Elektronik eiSos GmbH"; VariantName = "[No Variations]"
Add component (AddParameter): Name = "NoPins"; Value = "5"; VariantName = "[No Variations]"
Add component (AddParameter): Name = "partNo"; Value = "65100516121"; VariantName = "[No Variations]"
Added Member To Class: ClassName=MCU Member=Component J? 65100516121
