Change Component Comment : Designator=Y1 Old Comment=16MHz New Comment=830055951
Change Component Comment : Designator=U1 Old Comment=ATmega32U4-MU New Comment=ATMEGA32U4-MU-ND
Change Component Comment : Designator=C10 Old Comment=Cap New Comment=885012005007
Change Component Comment : Designator=C11 Old Comment=Cap New Comment=885012005007
Change Component Comment : Designator=C2 Old Comment=Cap New Comment=885012105010
Change Component Comment : Designator=C3 Old Comment=Cap New Comment=885012105010
Change Component Comment : Designator=C4 Old Comment=Cap New Comment=885012105010
Change Component Comment : Designator=C5 Old Comment=Cap New Comment=885012105010
Change Component Comment : Designator=C6 Old Comment=Cap New Comment=885012105010
Change Component Comment : Designator=C7 Old Comment=Cap New Comment=885012105010
Change Component Comment : Designator=C8 Old Comment=Cap New Comment=885012105010
Change Component Comment : Designator=C1 Old Comment=Cap New Comment=885012105012
Change Component Comment : Designator=C12 Old Comment=Cap New Comment=885012105012
Change Component Comment : Designator=C13 Old Comment=Cap New Comment=885012105012
Change Component Comment : Designator=C14 Old Comment=Cap New Comment=885012105012
Change Component Comment : Designator=C15 Old Comment=Cap New Comment=885012105012
Change Component Comment : Designator=C16 Old Comment=Cap New Comment=885012105012
Change Component Comment : Designator=C17 Old Comment=Cap New Comment=885012105012
Change Component Comment : Designator=C18 Old Comment=Cap New Comment=885012105012
Change Component Comment : Designator=C19 Old Comment=Cap New Comment=885012105012
Change Component Comment : Designator=C20 Old Comment=Cap New Comment=885012105012
Change Component Comment : Designator=C21 Old Comment=Cap New Comment=885012105012
Change Component Comment : Designator=C22 Old Comment=Cap New Comment=885012105012
Change Component Comment : Designator=C23 Old Comment=Cap New Comment=885012105012
Change Component Comment : Designator=C24 Old Comment=Cap New Comment=885012105012
Change Component Comment : Designator=C25 Old Comment=Cap New Comment=885012105012
Change Component Comment : Designator=C26 Old Comment=Cap New Comment=885012105012
Change Component Comment : Designator=C27 Old Comment=Cap New Comment=885012105012
Change Component Comment : Designator=C28 Old Comment=Cap New Comment=885012105012
Change Component Comment : Designator=C29 Old Comment=Cap New Comment=885012105012
Change Component Comment : Designator=C9 Old Comment=Cap New Comment=885012107010
Change Component Comment : Designator=D1 Old Comment=Diode New Comment=1N4148WT
Change Component Comment : Designator=D2 Old Comment=Diode New Comment=1N4148WT
Change Component Comment : Designator=D3 Old Comment=Diode New Comment=1N4148WT
Change Component Comment : Designator=D4 Old Comment=Diode New Comment=1N4148WT
Change Component Comment : Designator=D5 Old Comment=Diode New Comment=1N4148WT
Change Component Comment : Designator=D6 Old Comment=Diode New Comment=1N4148WT
Change Component Comment : Designator=D7 Old Comment=Diode New Comment=1N4148WT
Change Component Comment : Designator=D8 Old Comment=Diode New Comment=1N4148WT
Change Component Comment : Designator=D9 Old Comment=Diode New Comment=1N4148WT
Change Component Comment : Designator=D10 Old Comment=Diode New Comment=1N4148WT
Change Component Comment : Designator=D11 Old Comment=Diode New Comment=1N4148WT
Change Component Comment : Designator=D12 Old Comment=Diode New Comment=1N4148WT
Change Component Comment : Designator=D13 Old Comment=Diode New Comment=1N4148WT
Change Component Comment : Designator=D14 Old Comment=Diode New Comment=1N4148WT
Change Component Comment : Designator=D15 Old Comment=Diode New Comment=1N4148WT
Change Component Comment : Designator=D16 Old Comment=Diode New Comment=1N4148WT
Change Component Comment : Designator=D17 Old Comment=Diode New Comment=1N4148WT
Change Component Comment : Designator=D18 Old Comment=Diode New Comment=1N4148WT
Change Component Comment : Designator=D19 Old Comment=Diode New Comment=1N4148WT
Change Component Comment : Designator=D20 Old Comment=Diode New Comment=1N4148WT
Change Component Comment : Designator=D21 Old Comment=Diode New Comment=1N4148WT
Change Component Comment : Designator=D22 Old Comment=Diode New Comment=1N4148WT
Change Component Comment : Designator=D23 Old Comment=Diode New Comment=1N4148WT
Change Component Comment : Designator=D24 Old Comment=Diode New Comment=1N4148WT
Change Component Comment : Designator=D25 Old Comment=Diode New Comment=1N4148WT
Change Component Comment : Designator=D26 Old Comment=Diode New Comment=1N4148WT
Change Component Comment : Designator=D27 Old Comment=Diode New Comment=1N4148WT
Change Component Comment : Designator=D28 Old Comment=Diode New Comment=1N4148WT
Change Component Comment : Designator=D29 Old Comment=Diode New Comment=1N4148WT
Change Component Comment : Designator=D30 Old Comment=Diode New Comment=1N4148WT
Change Component Comment : Designator=D31 Old Comment=Diode New Comment=1N4148WT
Change Component Comment : Designator=D32 Old Comment=Diode New Comment=1N4148WT
Change Component Comment : Designator=D33 Old Comment=Diode New Comment=1N4148WT
Change Component Comment : Designator=D34 Old Comment=Diode New Comment=1N4148WT
Change Component Comment : Designator=D35 Old Comment=Diode New Comment=1N4148WT
Change Component Comment : Designator=D36 Old Comment=Diode New Comment=1N4148WT
Change Component Comment : Designator=D37 Old Comment=Diode New Comment=1N4148WT
Change Component Comment : Designator=D38 Old Comment=Diode New Comment=1N4148WT
Change Component Comment : Designator=D39 Old Comment=Diode New Comment=1N4148WT
Change Component Comment : Designator=D40 Old Comment=Diode New Comment=1N4148WT
Change Component Comment : Designator=D41 Old Comment=Diode New Comment=1N4148WT
Change Component Comment : Designator=D42 Old Comment=Diode New Comment=1N4148WT
Change Component Comment : Designator=D43 Old Comment=Diode New Comment=1N4148WT
Change Component Comment : Designator=D44 Old Comment=Diode New Comment=1N4148WT
Change Component Comment : Designator=D45 Old Comment=Diode New Comment=1N4148WT
Change Component Comment : Designator=D46 Old Comment=Diode New Comment=1N4148WT
Change Component Comment : Designator=D47 Old Comment=Diode New Comment=1N4148WT
Change Component Comment : Designator=D48 Old Comment=Diode New Comment=1N4148WT
Change Component Comment : Designator=D49 Old Comment=Diode New Comment=1N4148WT
Change Component Comment : Designator=D50 Old Comment=Diode New Comment=1N4148WT
Change Component Comment : Designator=D51 Old Comment=Diode New Comment=1N4148WT
Change Component Comment : Designator=D52 Old Comment=Diode New Comment=1N4148WT
Change Component Comment : Designator=D53 Old Comment=Diode New Comment=1N4148WT
Change Component Comment : Designator=D54 Old Comment=Diode New Comment=1N4148WT
Change Component Comment : Designator=D55 Old Comment=Diode New Comment=1N4148WT
Change Component Comment : Designator=D56 Old Comment=Diode New Comment=1N4148WT
Change Component Comment : Designator=D57 Old Comment=Diode New Comment=1N4148WT
Change Component Comment : Designator=D58 Old Comment=Diode New Comment=1N4148WT
Change Component Comment : Designator=D59 Old Comment=Diode New Comment=1N4148WT
Change Component Comment : Designator=D60 Old Comment=Diode New Comment=1N4148WT
Change Component Comment : Designator=D61 Old Comment=Diode New Comment=1N4148WT
Change Component Comment : Designator=D62 Old Comment=Diode New Comment=1N4148WT
Change Component Comment : Designator=D63 Old Comment=Diode New Comment=1N4148WT
Change Component Comment : Designator=D64 Old Comment=Diode New Comment=1N4148WT
Change Component Comment : Designator=D65 Old Comment=Diode New Comment=1N4148WT
Change Component Comment : Designator=D66 Old Comment=Diode New Comment=1N4148WT
Change Component Comment : Designator=D67 Old Comment=Diode New Comment=1N4148WT
Change Component Comment : Designator=D68 Old Comment=Diode New Comment=1N4148WT
Change Component Comment : Designator=D69 Old Comment=Diode New Comment=1N4148WT
Change Component Comment : Designator=D70 Old Comment=Diode New Comment=1N4148WT
Change Component Comment : Designator=D71 Old Comment=Diode New Comment=1N4148WT
Change Component Comment : Designator=R5 Old Comment=Res New Comment=CRCW04024K70FKED
Change Component Comment : Designator=R6 Old Comment=Res New Comment=CRCW04024K70FKED
Change Component Comment : Designator=R1 Old Comment=Res New Comment=CRCW060322R0FKEA
Change Component Comment : Designator=R4 Old Comment=Res New Comment=CRCW060322R0FKEA
Change Component Comment : Designator=LED1 Old Comment=WS2812 New Comment=WS2812B
Change Component Comment : Designator=LED2 Old Comment=WS2812 New Comment=WS2812B
Change Component Comment : Designator=LED3 Old Comment=WS2812 New Comment=WS2812B
Change Component Comment : Designator=LED4 Old Comment=WS2812 New Comment=WS2812B
Change Component Comment : Designator=LED5 Old Comment=WS2812 New Comment=WS2812B
Change Component Comment : Designator=LED6 Old Comment=WS2812 New Comment=WS2812B
Change Component Comment : Designator=LED7 Old Comment=WS2812 New Comment=WS2812B
Change Component Comment : Designator=LED8 Old Comment=WS2812 New Comment=WS2812B
Change Component Comment : Designator=LED9 Old Comment=WS2812 New Comment=WS2812B
Change Component Comment : Designator=LED10 Old Comment=WS2812 New Comment=WS2812B
Change Component Comment : Designator=LED11 Old Comment=WS2812 New Comment=WS2812B
Change Component Comment : Designator=LED12 Old Comment=WS2812 New Comment=WS2812B
Change Component Comment : Designator=LED13 Old Comment=WS2812 New Comment=WS2812B
Change Component Comment : Designator=LED14 Old Comment=WS2812 New Comment=WS2812B
Change Component Comment : Designator=LED15 Old Comment=WS2812 New Comment=WS2812B
Change Component Comment : Designator=LED16 Old Comment=WS2812 New Comment=WS2812B
Change Component Comment : Designator=LED17 Old Comment=WS2812 New Comment=WS2812B
Change Component Comment : Designator=LED18 Old Comment=WS2812 New Comment=WS2812B
Change Component Kind : Designator=S61 Old Kind=Standard New Kind=Standard (No BOM)
Change component parameters: Designator = "R1" ("R1"); Footprint = "RESC0603N"; UniqueID = "\NKQRPLZM" ("\NKQRPLZM")
Change component parameters (AddParameter): Name = "COMPATIBLES"; Value = "F1"; VariantName = "[No Variations]"
Change component parameters (AddParameter): Name = "DESCIPTION"; Value = "RES SMD 22 OHM 1% 1/10W 100PPM 0603"; VariantName = "[No Variations]"
Change component parameters (AddParameter): Name = "DESCR"; Value = "RES SMD 22 OHM 1% 1/10W 100PPM 0603"; VariantName = "[No Variations]"
Change component parameters (AddParameter): Name = "DIGIKEY"; Value = "541-22.0HCT-ND"; VariantName = "[No Variations]"
Change component parameters (AddParameter): Name = "FARNELL"; Value = "#N/A"; VariantName = "[No Variations]"
Change component parameters (AddParameter): Name = "MANUF"; Value = "VISHAY"; VariantName = "[No Variations]"
Change component parameters (AddParameter): Name = "MANUFCODE"; Value = "CRCW060322R0FKEA"; VariantName = "[No Variations]"
Change component parameters (AddParameter): Name = "NoPins"; Value = "2"; VariantName = "[No Variations]"
Change component parameters (AddParameter): Name = "SCH"; Value = "RES 22R 0603"; VariantName = "[No Variations]"
Change component parameters (AddParameter): Name = "SMD"; Value = "YES"; VariantName = "[No Variations]"
Change component parameters (AddParameter): Name = "SUPPLY"; Value = "SUB"; VariantName = "[No Variations]"
Change component parameters (AddParameter): Name = "VALUE"; Value = "22R"; VariantName = "[No Variations]"
Change component parameters: Designator = "R4" ("R4"); Footprint = "RESC0603N"; UniqueID = "\YQGYODYH" ("\YQGYODYH")
Change component parameters (AddParameter): Name = "COMPATIBLES"; Value = "F1"; VariantName = "[No Variations]"
Change component parameters (AddParameter): Name = "DESCIPTION"; Value = "RES SMD 22 OHM 1% 1/10W 100PPM 0603"; VariantName = "[No Variations]"
Change component parameters (AddParameter): Name = "DESCR"; Value = "RES SMD 22 OHM 1% 1/10W 100PPM 0603"; VariantName = "[No Variations]"
Change component parameters (AddParameter): Name = "DIGIKEY"; Value = "541-22.0HCT-ND"; VariantName = "[No Variations]"
Change component parameters (AddParameter): Name = "FARNELL"; Value = "#N/A"; VariantName = "[No Variations]"
Change component parameters (AddParameter): Name = "MANUF"; Value = "VISHAY"; VariantName = "[No Variations]"
Change component parameters (AddParameter): Name = "MANUFCODE"; Value = "CRCW060322R0FKEA"; VariantName = "[No Variations]"
Change component parameters (AddParameter): Name = "NoPins"; Value = "2"; VariantName = "[No Variations]"
Change component parameters (AddParameter): Name = "SCH"; Value = "RES 22R 0603"; VariantName = "[No Variations]"
Change component parameters (AddParameter): Name = "SMD"; Value = "YES"; VariantName = "[No Variations]"
Change component parameters (AddParameter): Name = "SUPPLY"; Value = "SUB"; VariantName = "[No Variations]"
Change component parameters (AddParameter): Name = "VALUE"; Value = "22R"; VariantName = "[No Variations]"
Change component parameters: Designator = "R5" ("R5"); Footprint = "RESC0402N"; UniqueID = "\FYXRBDBZ" ("\FYXRBDBZ")
Change component parameters (AddParameter): Name = "COMPATIBLES"; Value = "F1"; VariantName = "[No Variations]"
Change component parameters (AddParameter): Name = "DESCIPTION"; Value = "RES SMD 4.7K OHM 1% 1/16W 100PPM 0402"; VariantName = "[No Variations]"
Change component parameters (AddParameter): Name = "DESCR"; Value = "RES SMD 4.7K OHM 1% 1/16W 100PPM 0402"; VariantName = "[No Variations]"
Change component parameters (AddParameter): Name = "DIGIKEY"; Value = "541-4.70KLCT-ND"; VariantName = "[No Variations]"
Change component parameters (AddParameter): Name = "FARNELL"; Value = "TBD"; VariantName = "[No Variations]"
Change component parameters (AddParameter): Name = "MANUF"; Value = "VISHAY"; VariantName = "[No Variations]"
Change component parameters (AddParameter): Name = "MANUFCODE"; Value = "CRCW04024K70FKED"; VariantName = "[No Variations]"
Change component parameters (AddParameter): Name = "NoPins"; Value = "2"; VariantName = "[No Variations]"
Change component parameters (AddParameter): Name = "SCH"; Value = "RES 4.7K 0402"; VariantName = "[No Variations]"
Change component parameters (AddParameter): Name = "SMD"; Value = "YES"; VariantName = "[No Variations]"
Change component parameters (AddParameter): Name = "SUPPLY"; Value = "SUB"; VariantName = "[No Variations]"
Change component parameters (AddParameter): Name = "VALUE"; Value = "4.7K"; VariantName = "[No Variations]"
Change component parameters: Designator = "R6" ("R6"); Footprint = "RESC0402N"; UniqueID = "\NYIXNZCA" ("\NYIXNZCA")
Change component parameters (AddParameter): Name = "COMPATIBLES"; Value = "F1"; VariantName = "[No Variations]"
Change component parameters (AddParameter): Name = "DESCIPTION"; Value = "RES SMD 4.7K OHM 1% 1/16W 100PPM 0402"; VariantName = "[No Variations]"
Change component parameters (AddParameter): Name = "DESCR"; Value = "RES SMD 4.7K OHM 1% 1/16W 100PPM 0402"; VariantName = "[No Variations]"
Change component parameters (AddParameter): Name = "DIGIKEY"; Value = "541-4.70KLCT-ND"; VariantName = "[No Variations]"
Change component parameters (AddParameter): Name = "FARNELL"; Value = "TBD"; VariantName = "[No Variations]"
Change component parameters (AddParameter): Name = "MANUF"; Value = "VISHAY"; VariantName = "[No Variations]"
Change component parameters (AddParameter): Name = "MANUFCODE"; Value = "CRCW04024K70FKED"; VariantName = "[No Variations]"
Change component parameters (AddParameter): Name = "NoPins"; Value = "2"; VariantName = "[No Variations]"
Change component parameters (AddParameter): Name = "SCH"; Value = "RES 4.7K 0402"; VariantName = "[No Variations]"
Change component parameters (AddParameter): Name = "SMD"; Value = "YES"; VariantName = "[No Variations]"
Change component parameters (AddParameter): Name = "SUPPLY"; Value = "SUB"; VariantName = "[No Variations]"
Change component parameters (AddParameter): Name = "VALUE"; Value = "4.7K"; VariantName = "[No Variations]"
Change component parameters: Designator = "J1" ("J1"); Footprint = "513870530"; UniqueID = "\SMXJIFHM" ("\SMXJIFHM")
Change component parameters (AddParameter): Name = "ComponentLink1 Description"; Value = "Manufacturer"; VariantName = "[No Variations]"
Change component parameters (AddParameter): Name = "ComponentLink1URL"; Value = "http://www.we-online.de"; VariantName = "[No Variations]"
Change component parameters (AddParameter): Name = "ComponentLink2 Description"; Value = "Datasheet"; VariantName = "[No Variations]"
Change component parameters (AddParameter): Name = "ComponentLink2URL"; Value = "http://katalog.we-online.de/em/datasheet/65100516121.pdf"; VariantName = "[No Variations]"
Change component parameters (AddParameter): Name = "DESCIPTION"; Value = "USB - mini B USB 2.0 OTG Receptacle Connector 5 Position Surface Mount"; VariantName = "[No Variations]"
Change component parameters (AddParameter): Name = "MANUF"; Value = "MOLEX"; VariantName = "[No Variations]"
Change component parameters (AddParameter): Name = "MANUFCODE"; Value = "513870530"; VariantName = "[No Variations]"
Change component parameters: Designator = "S72" ("S72"); Footprint = "434153017835"; UniqueID = "\WFDIKGXL" ("\WFDIKGXL")
Change component parameters (AddParameter): Name = "ComponentLink1Description"; Value = "Manufacturer"; VariantName = "[No Variations]"
Change component parameters (AddParameter): Name = "ComponentLink1URL"; Value = "http://www.we-online.de"; VariantName = "[No Variations]"
Change component parameters (AddParameter): Name = "ComponentLink2Description"; Value = "Datasheet"; VariantName = "[No Variations]"
Change component parameters (AddParameter): Name = "ComponentLink2URL"; Value = "https://www.we-online.com/catalog/datasheet/434153017835.pdf"; VariantName = "[No Variations]"
Change component parameters (AddParameter): Name = "Contact Material"; Value = "Stainless Steel"; VariantName = "[No Variations]"
Change component parameters (AddParameter): Name = "Contact Plating"; Value = "Silver"; VariantName = "[No Variations]"
Change component parameters (AddParameter): Name = "DESCIPTION"; Value = "SWITCH TACTILE SPST-NO 0.05A 12V"; VariantName = "[No Variations]"
Change component parameters (AddParameter): Name = "DIGIKEY"; Value = "732-10143-1-ND"; VariantName = "[No Variations]"
Change component parameters (AddParameter): Name = "MANUF"; Value = "WE"; VariantName = "[No Variations]"
Change component parameters (AddParameter): Name = "Manufacturer"; Value = "Wurth Elektronik"; VariantName = "[No Variations]"
Change component parameters (AddParameter): Name = "Manufacturer Part Number"; Value = "434153017835"; VariantName = "[No Variations]"
Change component parameters (AddParameter): Name = "MANUFCODE"; Value = "434153017835"; VariantName = "[No Variations]"
Change component parameters (AddParameter): Name = "Mounting Technology"; Value = "SMT"; VariantName = "[No Variations]"
Change component parameters (AddParameter): Name = "Operating Temperature"; Value = "-40 to +85degC"; VariantName = "[No Variations]"
Change component parameters (AddParameter): Name = "Operation Force"; Value = "350gf"; VariantName = "[No Variations]"
Change component parameters (AddParameter): Name = "Packaging"; Value = "Tape and Reel"; VariantName = "[No Variations]"
Change component parameters (AddParameter): Name = "Published Date"; Value = "November 2020"; VariantName = "[No Variations]"
Change component parameters (AddParameter): Name = "Rated Current"; Value = "50mA"; VariantName = "[No Variations]"
Change component parameters (AddParameter): Name = "Rated Voltage"; Value = "12VDC"; VariantName = "[No Variations]"
Change component parameters (AddParameter): Name = "Size"; Value = "3.5x2.9x1.7mm"; VariantName = "[No Variations]"
Change component parameters (AddParameter): Name = "Terminal Material"; Value = "Copper Alloy"; VariantName = "[No Variations]"
Change component parameters (AddParameter): Name = "Terminal Plating"; Value = "Silver"; VariantName = "[No Variations]"
Change component parameters (AddParameter): Name = "Washable"; Value = "No"; VariantName = "[No Variations]"
Change component parameters: Designator = "Y1" ("Y1"); Footprint = "WE-XTAL_CFPX-180"; UniqueID = "\OZQUOKXC" ("\OZQUOKXC")
Change component parameters (AddParameter): Name = "ComponentLink1Description"; Value = "Manufacturer"; VariantName = "[No Variations]"
Change component parameters (AddParameter): Name = "ComponentLink1URL"; Value = "http://www.we-online.de"; VariantName = "[No Variations]"
Change component parameters (AddParameter): Name = "ComponentLink2Description"; Value = "Datasheet"; VariantName = "[No Variations]"
Change component parameters (AddParameter): Name = "ComponentLink2URL"; Value = "https://katalog.we-online.com/pbs/datasheet/830055951.pdf"; VariantName = "[No Variations]"
Change component parameters (AddParameter): Name = "DESCIPTION"; Value = "CRYSTAL 16.0000MHZ 18PF SMD"; VariantName = "[No Variations]"
Change component parameters (AddParameter): Name = "DIGIKEY"; Value = "1923-1308-1-ND"; VariantName = "[No Variations]"
Change component parameters (AddParameter): Name = "Frequency"; Value = "16MHz"; VariantName = "[No Variations]"
Change component parameters (AddParameter): Name = "Frequency Stability"; Value = "+/-30ppm"; VariantName = "[No Variations]"
Change component parameters (AddParameter): Name = "Frequency Tolerance"; Value = "+/-20ppm"; VariantName = "[No Variations]"
Change component parameters (AddParameter): Name = "Load Capacitance"; Value = "18pF"; VariantName = "[No Variations]"
Change component parameters (AddParameter): Name = "MANUF"; Value = "WE/IQD"; VariantName = "[No Variations]"
Change component parameters (AddParameter): Name = "Manufacturer"; Value = "Wurth Elektronik"; VariantName = "[No Variations]"
Change component parameters (AddParameter): Name = "Manufacturer Part Number"; Value = "830055951"; VariantName = "[No Variations]"
Change component parameters (AddParameter): Name = "MANUFCODE"; Value = "830055951"; VariantName = "[No Variations]"
Change component parameters (AddParameter): Name = "Mounting Technology"; Value = "SMT"; VariantName = "[No Variations]"
Change component parameters (AddParameter): Name = "Operating Temperature"; Value = "-40 to +85degC"; VariantName = "[No Variations]"
Change component parameters (AddParameter): Name = "Packaging"; Value = "Tape and Reel"; VariantName = "[No Variations]"
Change component parameters (AddParameter): Name = "Published Date"; Value = "July 2020"; VariantName = "[No Variations]"
Change component parameters (AddParameter): Name = "Size"; Value = "CFPX-180"; VariantName = "[No Variations]"
Change component parameters: Designator = "LED1" ("LED1"); Footprint = "WS2812"; UniqueID = "\GXRETHIB" ("\GXRETHIB")
Change component parameters (AddParameter): Name = "DESCIPTION"; Value = "ADDRESS LED RED/GRN/BLUE"; VariantName = "[No Variations]"
Change component parameters (AddParameter): Name = "DIGIKEY"; Value = "COM-16347"; VariantName = "[No Variations]"
Change component parameters (AddParameter): Name = "MANUF"; Value = "Worldsemi"; VariantName = "[No Variations]"
Change component parameters (AddParameter): Name = "MANUFCODE"; Value = "WS2812B"; VariantName = "[No Variations]"
Change component parameters (AddParameter): Name = "NoPins"; Value = "4"; VariantName = "[No Variations]"
Change component parameters: Designator = "LED2" ("LED2"); Footprint = "WS2812"; UniqueID = "\ENFWZMPH" ("\ENFWZMPH")
Change component parameters (AddParameter): Name = "DESCIPTION"; Value = "ADDRESS LED RED/GRN/BLUE"; VariantName = "[No Variations]"
Change component parameters (AddParameter): Name = "DIGIKEY"; Value = "COM-16347"; VariantName = "[No Variations]"
Change component parameters (AddParameter): Name = "MANUF"; Value = "Worldsemi"; VariantName = "[No Variations]"
Change component parameters (AddParameter): Name = "MANUFCODE"; Value = "WS2812B"; VariantName = "[No Variations]"
Change component parameters (AddParameter): Name = "NoPins"; Value = "4"; VariantName = "[No Variations]"
Change component parameters: Designator = "LED3" ("LED3"); Footprint = "WS2812"; UniqueID = "\BRSMTWVZ" ("\BRSMTWVZ")
Change component parameters (AddParameter): Name = "DESCIPTION"; Value = "ADDRESS LED RED/GRN/BLUE"; VariantName = "[No Variations]"
Change component parameters (AddParameter): Name = "DIGIKEY"; Value = "COM-16347"; VariantName = "[No Variations]"
Change component parameters (AddParameter): Name = "MANUF"; Value = "Worldsemi"; VariantName = "[No Variations]"
Change component parameters (AddParameter): Name = "MANUFCODE"; Value = "WS2812B"; VariantName = "[No Variations]"
Change component parameters (AddParameter): Name = "NoPins"; Value = "4"; VariantName = "[No Variations]"
Change component parameters: Designator = "LED4" ("LED4"); Footprint = "WS2812"; UniqueID = "\PNOZCDQH" ("\PNOZCDQH")
Change component parameters (AddParameter): Name = "DESCIPTION"; Value = "ADDRESS LED RED/GRN/BLUE"; VariantName = "[No Variations]"
Change component parameters (AddParameter): Name = "DIGIKEY"; Value = "COM-16347"; VariantName = "[No Variations]"
Change component parameters (AddParameter): Name = "MANUF"; Value = "Worldsemi"; VariantName = "[No Variations]"
Change component parameters (AddParameter): Name = "MANUFCODE"; Value = "WS2812B"; VariantName = "[No Variations]"
Change component parameters (AddParameter): Name = "NoPins"; Value = "4"; VariantName = "[No Variations]"
Change component parameters: Designator = "LED5" ("LED5"); Footprint = "WS2812"; UniqueID = "\RHAOLFNK" ("\RHAOLFNK")
Change component parameters (AddParameter): Name = "DESCIPTION"; Value = "ADDRESS LED RED/GRN/BLUE"; VariantName = "[No Variations]"
Change component parameters (AddParameter): Name = "DIGIKEY"; Value = "COM-16347"; VariantName = "[No Variations]"
Change component parameters (AddParameter): Name = "MANUF"; Value = "Worldsemi"; VariantName = "[No Variations]"
Change component parameters (AddParameter): Name = "MANUFCODE"; Value = "WS2812B"; VariantName = "[No Variations]"
Change component parameters (AddParameter): Name = "NoPins"; Value = "4"; VariantName = "[No Variations]"
Change component parameters: Designator = "LED6" ("LED6"); Footprint = "WS2812"; UniqueID = "\BMODNGKN" ("\BMODNGKN")
Change component parameters (AddParameter): Name = "DESCIPTION"; Value = "ADDRESS LED RED/GRN/BLUE"; VariantName = "[No Variations]"
Change component parameters (AddParameter): Name = "DIGIKEY"; Value = "COM-16347"; VariantName = "[No Variations]"
Change component parameters (AddParameter): Name = "MANUF"; Value = "Worldsemi"; VariantName = "[No Variations]"
Change component parameters (AddParameter): Name = "MANUFCODE"; Value = "WS2812B"; VariantName = "[No Variations]"
Change component parameters (AddParameter): Name = "NoPins"; Value = "4"; VariantName = "[No Variations]"
Change component parameters: Designator = "LED7" ("LED7"); Footprint = "WS2812"; UniqueID = "\WOQNJEMQ" ("\WOQNJEMQ")
Change component parameters (AddParameter): Name = "DESCIPTION"; Value = "ADDRESS LED RED/GRN/BLUE"; VariantName = "[No Variations]"
Change component parameters (AddParameter): Name = "DIGIKEY"; Value = "COM-16347"; VariantName = "[No Variations]"
Change component parameters (AddParameter): Name = "MANUF"; Value = "Worldsemi"; VariantName = "[No Variations]"
Change component parameters (AddParameter): Name = "MANUFCODE"; Value = "WS2812B"; VariantName = "[No Variations]"
Change component parameters (AddParameter): Name = "NoPins"; Value = "4"; VariantName = "[No Variations]"
Change component parameters: Designator = "LED8" ("LED8"); Footprint = "WS2812"; UniqueID = "\HCTMPTYK" ("\HCTMPTYK")
Change component parameters (AddParameter): Name = "DESCIPTION"; Value = "ADDRESS LED RED/GRN/BLUE"; VariantName = "[No Variations]"
Change component parameters (AddParameter): Name = "DIGIKEY"; Value = "COM-16347"; VariantName = "[No Variations]"
Change component parameters (AddParameter): Name = "MANUF"; Value = "Worldsemi"; VariantName = "[No Variations]"
Change component parameters (AddParameter): Name = "MANUFCODE"; Value = "WS2812B"; VariantName = "[No Variations]"
Change component parameters (AddParameter): Name = "NoPins"; Value = "4"; VariantName = "[No Variations]"
Change component parameters: Designator = "LED9" ("LED9"); Footprint = "WS2812"; UniqueID = "\WFEIOYNT" ("\WFEIOYNT")
Change component parameters (AddParameter): Name = "DESCIPTION"; Value = "ADDRESS LED RED/GRN/BLUE"; VariantName = "[No Variations]"
Change component parameters (AddParameter): Name = "DIGIKEY"; Value = "COM-16347"; VariantName = "[No Variations]"
Change component parameters (AddParameter): Name = "MANUF"; Value = "Worldsemi"; VariantName = "[No Variations]"
Change component parameters (AddParameter): Name = "MANUFCODE"; Value = "WS2812B"; VariantName = "[No Variations]"
Change component parameters (AddParameter): Name = "NoPins"; Value = "4"; VariantName = "[No Variations]"
Change component parameters: Designator = "LED10" ("LED10"); Footprint = "WS2812"; UniqueID = "\KOSYXVCC" ("\KOSYXVCC")
Change component parameters (AddParameter): Name = "DESCIPTION"; Value = "ADDRESS LED RED/GRN/BLUE"; VariantName = "[No Variations]"
Change component parameters (AddParameter): Name = "DIGIKEY"; Value = "COM-16347"; VariantName = "[No Variations]"
Change component parameters (AddParameter): Name = "MANUF"; Value = "Worldsemi"; VariantName = "[No Variations]"
Change component parameters (AddParameter): Name = "MANUFCODE"; Value = "WS2812B"; VariantName = "[No Variations]"
Change component parameters (AddParameter): Name = "NoPins"; Value = "4"; VariantName = "[No Variations]"
Change component parameters: Designator = "LED11" ("LED11"); Footprint = "WS2812"; UniqueID = "\BQKEZXDK" ("\BQKEZXDK")
Change component parameters (AddParameter): Name = "DESCIPTION"; Value = "ADDRESS LED RED/GRN/BLUE"; VariantName = "[No Variations]"
Change component parameters (AddParameter): Name = "DIGIKEY"; Value = "COM-16347"; VariantName = "[No Variations]"
Change component parameters (AddParameter): Name = "MANUF"; Value = "Worldsemi"; VariantName = "[No Variations]"
Change component parameters (AddParameter): Name = "MANUFCODE"; Value = "WS2812B"; VariantName = "[No Variations]"
Change component parameters (AddParameter): Name = "NoPins"; Value = "4"; VariantName = "[No Variations]"
Change component parameters: Designator = "LED12" ("LED12"); Footprint = "WS2812"; UniqueID = "\JWTJIDRG" ("\JWTJIDRG")
Change component parameters (AddParameter): Name = "DESCIPTION"; Value = "ADDRESS LED RED/GRN/BLUE"; VariantName = "[No Variations]"
Change component parameters (AddParameter): Name = "DIGIKEY"; Value = "COM-16347"; VariantName = "[No Variations]"
Change component parameters (AddParameter): Name = "MANUF"; Value = "Worldsemi"; VariantName = "[No Variations]"
Change component parameters (AddParameter): Name = "MANUFCODE"; Value = "WS2812B"; VariantName = "[No Variations]"
Change component parameters (AddParameter): Name = "NoPins"; Value = "4"; VariantName = "[No Variations]"
Change component parameters: Designator = "LED13" ("LED13"); Footprint = "WS2812"; UniqueID = "\TEWMBHBY" ("\TEWMBHBY")
Change component parameters (AddParameter): Name = "DESCIPTION"; Value = "ADDRESS LED RED/GRN/BLUE"; VariantName = "[No Variations]"
Change component parameters (AddParameter): Name = "DIGIKEY"; Value = "COM-16347"; VariantName = "[No Variations]"
Change component parameters (AddParameter): Name = "MANUF"; Value = "Worldsemi"; VariantName = "[No Variations]"
Change component parameters (AddParameter): Name = "MANUFCODE"; Value = "WS2812B"; VariantName = "[No Variations]"
Change component parameters (AddParameter): Name = "NoPins"; Value = "4"; VariantName = "[No Variations]"
Change component parameters: Designator = "LED14" ("LED14"); Footprint = "WS2812"; UniqueID = "\IMAYPSER" ("\IMAYPSER")
Change component parameters (AddParameter): Name = "DESCIPTION"; Value = "ADDRESS LED RED/GRN/BLUE"; VariantName = "[No Variations]"
Change component parameters (AddParameter): Name = "DIGIKEY"; Value = "COM-16347"; VariantName = "[No Variations]"
Change component parameters (AddParameter): Name = "MANUF"; Value = "Worldsemi"; VariantName = "[No Variations]"
Change component parameters (AddParameter): Name = "MANUFCODE"; Value = "WS2812B"; VariantName = "[No Variations]"
Change component parameters (AddParameter): Name = "NoPins"; Value = "4"; VariantName = "[No Variations]"
Change component parameters: Designator = "LED15" ("LED15"); Footprint = "WS2812"; UniqueID = "\LVNBSJLB" ("\LVNBSJLB")
Change component parameters (AddParameter): Name = "DESCIPTION"; Value = "ADDRESS LED RED/GRN/BLUE"; VariantName = "[No Variations]"
Change component parameters (AddParameter): Name = "DIGIKEY"; Value = "COM-16347"; VariantName = "[No Variations]"
Change component parameters (AddParameter): Name = "MANUF"; Value = "Worldsemi"; VariantName = "[No Variations]"
Change component parameters (AddParameter): Name = "MANUFCODE"; Value = "WS2812B"; VariantName = "[No Variations]"
Change component parameters (AddParameter): Name = "NoPins"; Value = "4"; VariantName = "[No Variations]"
Change component parameters: Designator = "LED16" ("LED16"); Footprint = "WS2812"; UniqueID = "\ATIROXFO" ("\ATIROXFO")
Change component parameters (AddParameter): Name = "DESCIPTION"; Value = "ADDRESS LED RED/GRN/BLUE"; VariantName = "[No Variations]"
Change component parameters (AddParameter): Name = "DIGIKEY"; Value = "COM-16347"; VariantName = "[No Variations]"
Change component parameters (AddParameter): Name = "MANUF"; Value = "Worldsemi"; VariantName = "[No Variations]"
Change component parameters (AddParameter): Name = "MANUFCODE"; Value = "WS2812B"; VariantName = "[No Variations]"
Change component parameters (AddParameter): Name = "NoPins"; Value = "4"; VariantName = "[No Variations]"
Change component parameters: Designator = "LED17" ("LED17"); Footprint = "WS2812"; UniqueID = "\KQIYCIFH" ("\KQIYCIFH")
Change component parameters (AddParameter): Name = "DESCIPTION"; Value = "ADDRESS LED RED/GRN/BLUE"; VariantName = "[No Variations]"
Change component parameters (AddParameter): Name = "DIGIKEY"; Value = "COM-16347"; VariantName = "[No Variations]"
Change component parameters (AddParameter): Name = "MANUF"; Value = "Worldsemi"; VariantName = "[No Variations]"
Change component parameters (AddParameter): Name = "MANUFCODE"; Value = "WS2812B"; VariantName = "[No Variations]"
Change component parameters (AddParameter): Name = "NoPins"; Value = "4"; VariantName = "[No Variations]"
Change component parameters: Designator = "LED18" ("LED18"); Footprint = "WS2812"; UniqueID = "\CFNFLZXC" ("\CFNFLZXC")
Change component parameters (AddParameter): Name = "DESCIPTION"; Value = "ADDRESS LED RED/GRN/BLUE"; VariantName = "[No Variations]"
Change component parameters (AddParameter): Name = "DIGIKEY"; Value = "COM-16347"; VariantName = "[No Variations]"
Change component parameters (AddParameter): Name = "MANUF"; Value = "Worldsemi"; VariantName = "[No Variations]"
Change component parameters (AddParameter): Name = "MANUFCODE"; Value = "WS2812B"; VariantName = "[No Variations]"
Change component parameters (AddParameter): Name = "NoPins"; Value = "4"; VariantName = "[No Variations]"
Change component parameters: Designator = "U1" ("U1"); Footprint = "44PW_M"; UniqueID = "\AJICUBEE" ("\AJICUBEE")
Change component parameters (AddParameter): Name = "Code_JEDEC"; Value = "MO-220-VKKD-1"; VariantName = "[No Variations]"
Change component parameters (AddParameter): Name = "ComponentLink1Description"; Value = "Manufacturer URL"; VariantName = "[No Variations]"
Change component parameters (AddParameter): Name = "ComponentLink1URL"; Value = "http://www.atmel.com/"; VariantName = "[No Variations]"
Change component parameters (AddParameter): Name = "ComponentLink2Description"; Value = "ATmega16U4/32U4 Datasheet"; VariantName = "[No Variations]"
Change component parameters (AddParameter): Name = "ComponentLink2URL"; Value = "http://www.atmel.com/dyn/resources/prod_documents/doc7766.pdf"; VariantName = "[No Variations]"
Change component parameters (AddParameter): Name = "ComponentLink3Description"; Value = "ATmega16U4 ATmega32U4 Summary"; VariantName = "[No Variations]"
Change component parameters (AddParameter): Name = "ComponentLink3URL"; Value = "http://www.atmel.com/dyn/resources/prod_documents/7766S.pdf"; VariantName = "[No Variations]"
Change component parameters (AddParameter): Name = "DatasheetVersion"; Value = "revF, Nov-2010"; VariantName = "[No Variations]"
Change component parameters (AddParameter): Name = "DESCIPTION"; Value = "IC MCU 8BIT 32KB FLASH 44VQFN"; VariantName = "[No Variations]"
Change component parameters (AddParameter): Name = "DIGIKEY"; Value = "ATMEGA32U4-MU-ND"; VariantName = "[No Variations]"
Change component parameters (AddParameter): Name = "MANUF"; Value = "Microchip"; VariantName = "[No Variations]"
Change component parameters (AddParameter): Name = "MANUFCODE"; Value = "ATMEGA32U4-MU-ND"; VariantName = "[No Variations]"
Change component parameters (AddParameter): Name = "NoPins"; Value = "44"; VariantName = "[No Variations]"
Change component parameters (AddParameter): Name = "PackageDescription"; Value = "44-Pin Quad Flat No-Lead Package, 7 x 7 mm Body, 0.5 mm Pitch (QFN)"; VariantName = "[No Variations]"
Change component parameters (AddParameter): Name = "PackageReference"; Value = "44PW"; VariantName = "[No Variations]"
Change component parameters (AddParameter): Name = "PackageVersion"; Value = "revG, Sep-2009"; VariantName = "[No Variations]"
Change component parameters (AddParameter): Name = "RevisionNote"; Value = "DatasheetVersion, PackageVersion & PCB updated. URLs added."; VariantName = "[No Variations]"
