Added Parameter DESCIPTION=ADDRESS LED RED/GRN/BLUE to Part LED1
Added Parameter DESCIPTION=ADDRESS LED RED/GRN/BLUE to Part LED2
Added Parameter DESCIPTION=ADDRESS LED RED/GRN/BLUE to Part LED3
Added Parameter DESCIPTION=ADDRESS LED RED/GRN/BLUE to Part LED4
Added Parameter DESCIPTION=ADDRESS LED RED/GRN/BLUE to Part LED5
Added Parameter DESCIPTION=ADDRESS LED RED/GRN/BLUE to Part LED6
Added Parameter DESCIPTION=ADDRESS LED RED/GRN/BLUE to Part LED7
Added Parameter DESCIPTION=ADDRESS LED RED/GRN/BLUE to Part LED8
Added Parameter DESCIPTION=ADDRESS LED RED/GRN/BLUE to Part LED9
Added Parameter DESCIPTION=ADDRESS LED RED/GRN/BLUE to Part LED10
Added Parameter DESCIPTION=ADDRESS LED RED/GRN/BLUE to Part LED11
Added Parameter DESCIPTION=ADDRESS LED RED/GRN/BLUE to Part LED12
Added Parameter DESCIPTION=ADDRESS LED RED/GRN/BLUE to Part LED13
Added Parameter DESCIPTION=ADDRESS LED RED/GRN/BLUE to Part LED14
Added Parameter DESCIPTION=ADDRESS LED RED/GRN/BLUE to Part LED15
Added Parameter DESCIPTION=ADDRESS LED RED/GRN/BLUE to Part LED16
Added Parameter DESCIPTION=ADDRESS LED RED/GRN/BLUE to Part LED17
Added Parameter DESCIPTION=ADDRESS LED RED/GRN/BLUE to Part LED18
Added Parameter DIGIKEY=COM-16347 to Part LED1
Added Parameter DIGIKEY=COM-16347 to Part LED2
Added Parameter DIGIKEY=COM-16347 to Part LED3
Added Parameter DIGIKEY=COM-16347 to Part LED4
Added Parameter DIGIKEY=COM-16347 to Part LED5
Added Parameter DIGIKEY=COM-16347 to Part LED6
Added Parameter DIGIKEY=COM-16347 to Part LED7
Added Parameter DIGIKEY=COM-16347 to Part LED8
Added Parameter DIGIKEY=COM-16347 to Part LED9
Added Parameter DIGIKEY=COM-16347 to Part LED10
Added Parameter DIGIKEY=COM-16347 to Part LED11
Added Parameter DIGIKEY=COM-16347 to Part LED12
Added Parameter DIGIKEY=COM-16347 to Part LED13
Added Parameter DIGIKEY=COM-16347 to Part LED14
Added Parameter DIGIKEY=COM-16347 to Part LED15
Added Parameter DIGIKEY=COM-16347 to Part LED16
Added Parameter DIGIKEY=COM-16347 to Part LED17
Added Parameter DIGIKEY=COM-16347 to Part LED18
Added Parameter MANUF=Worldsemi to Part LED1
Added Parameter MANUF=Worldsemi to Part LED2
Added Parameter MANUF=Worldsemi to Part LED3
Added Parameter MANUF=Worldsemi to Part LED4
Added Parameter MANUF=Worldsemi to Part LED5
Added Parameter MANUF=Worldsemi to Part LED6
Added Parameter MANUF=Worldsemi to Part LED7
Added Parameter MANUF=Worldsemi to Part LED8
Added Parameter MANUF=Worldsemi to Part LED9
Added Parameter MANUF=Worldsemi to Part LED10
Added Parameter MANUF=Worldsemi to Part LED11
Added Parameter MANUF=Worldsemi to Part LED12
Added Parameter MANUF=Worldsemi to Part LED13
Added Parameter MANUF=Worldsemi to Part LED14
Added Parameter MANUF=Worldsemi to Part LED15
Added Parameter MANUF=Worldsemi to Part LED16
Added Parameter MANUF=Worldsemi to Part LED17
Added Parameter MANUF=Worldsemi to Part LED18
Added Parameter MANUFCODE=WS2812B to Part LED1
Added Parameter MANUFCODE=WS2812B to Part LED2
Added Parameter MANUFCODE=WS2812B to Part LED3
Added Parameter MANUFCODE=WS2812B to Part LED4
Added Parameter MANUFCODE=WS2812B to Part LED5
Added Parameter MANUFCODE=WS2812B to Part LED6
Added Parameter MANUFCODE=WS2812B to Part LED7
Added Parameter MANUFCODE=WS2812B to Part LED8
Added Parameter MANUFCODE=WS2812B to Part LED9
Added Parameter MANUFCODE=WS2812B to Part LED10
Added Parameter MANUFCODE=WS2812B to Part LED11
Added Parameter MANUFCODE=WS2812B to Part LED12
Added Parameter MANUFCODE=WS2812B to Part LED13
Added Parameter MANUFCODE=WS2812B to Part LED14
Added Parameter MANUFCODE=WS2812B to Part LED15
Added Parameter MANUFCODE=WS2812B to Part LED16
Added Parameter MANUFCODE=WS2812B to Part LED17
Added Parameter MANUFCODE=WS2812B to Part LED18
Added Parameter NoPins=4 to Part LED1
Added Parameter NoPins=4 to Part LED2
Added Parameter NoPins=4 to Part LED3
Added Parameter NoPins=4 to Part LED4
Added Parameter NoPins=4 to Part LED5
Added Parameter NoPins=4 to Part LED6
Added Parameter NoPins=4 to Part LED7
Added Parameter NoPins=4 to Part LED8
Added Parameter NoPins=4 to Part LED9
Added Parameter NoPins=4 to Part LED10
Added Parameter NoPins=4 to Part LED11
Added Parameter NoPins=4 to Part LED12
Added Parameter NoPins=4 to Part LED13
Added Parameter NoPins=4 to Part LED14
Added Parameter NoPins=4 to Part LED15
Added Parameter NoPins=4 to Part LED16
Added Parameter NoPins=4 to Part LED17
Added Parameter NoPins=4 to Part LED18
